2023-09-29 23:54:13,370 [INFO] django.utils.autoreload: Watching for file changes with StatReloader
2023-09-29 23:54:16,279 [INFO] django.server: [m"GET / HTTP/1.1" 200 8626[0m
2023-09-29 23:54:16,297 [WARNING] django.server: [33m"GET /static/style.css HTTP/1.1" 404 1786[0m
2023-09-29 23:54:19,115 [INFO] django.server: [32m"GET /common/logout/ HTTP/1.1" 302 0[0m
2023-09-29 23:54:19,144 [INFO] django.server: [m"GET / HTTP/1.1" 200 8716[0m
2023-09-29 23:54:19,211 [WARNING] django.server: [33m"GET /static/style.css HTTP/1.1" 404 1786[0m
2023-09-29 23:54:20,068 [INFO] django.server: [m"GET /common/signup/ HTTP/1.1" 200 3029[0m
2023-09-29 23:54:20,096 [WARNING] django.server: [33m"GET /static/style.css HTTP/1.1" 404 1786[0m
2023-09-29 23:54:38,366 [DEBUG] server_log: {'log_level': 'info', 'category': 'signup', 'time': '2023-09-29 23:54', 'method': 'POST', 'username': 'owen11', 'email': '11@22.33', 'status': 'Success'}
2023-09-29 23:54:38,381 [INFO] django.server: [32m"POST /common/signup/ HTTP/1.1" 302 0[0m
2023-09-29 23:54:38,411 [INFO] django.server: [m"GET / HTTP/1.1" 200 8628[0m
2023-09-29 23:54:38,476 [WARNING] django.server: [33m"GET /static/style.css HTTP/1.1" 404 1786[0m
2023-09-29 23:54:40,811 [DEBUG] server_log: {"log_level": "INFO", "category": "Q_create", "method": "POST", "time": "2023-09-29 23:54", "user_id": 16, "status": "Success"}
2023-09-29 23:54:41,091 [INFO] django.server: [m"GET /pybo/question/create/ HTTP/1.1" 200 2576[0m
2023-09-29 23:54:41,116 [WARNING] django.server: [33m"GET /static/style.css HTTP/1.1" 404 1786[0m
2023-09-29 23:54:45,808 [INFO] django.server: [32m"POST /pybo/question/create/ HTTP/1.1" 302 0[0m
2023-09-29 23:54:45,844 [INFO] django.server: [m"GET /pybo/ HTTP/1.1" 200 8629[0m
2023-09-29 23:54:45,909 [WARNING] django.server: [33m"GET /static/style.css HTTP/1.1" 404 1786[0m
2023-09-29 23:54:47,241 [INFO] django.server: [m"GET /pybo/15/ HTTP/1.1" 200 4015[0m
2023-09-29 23:54:47,266 [WARNING] django.server: [33m"GET /static/style.css HTTP/1.1" 404 1786[0m
2023-09-29 23:54:49,346 [DEBUG] server_log: {"log_level": "INFO", "category": "A_create", "method": "POST", "time": "2023-09-29 23:54", "user_id": 16, "answer_id": 9, "status": "Success"}
2023-09-29 23:54:49,523 [INFO] django.server: [32m"POST /pybo/answer/create/15/ HTTP/1.1" 302 0[0m
2023-09-29 23:54:49,553 [INFO] django.server: [m"GET /pybo/15/ HTTP/1.1" 200 5070[0m
2023-09-29 23:54:49,626 [WARNING] django.server: [33m"GET /static/style.css HTTP/1.1" 404 1786[0m
2023-09-29 23:54:53,165 [INFO] django.server: [m"GET /pybo/answer/modify/9/ HTTP/1.1" 200 2327[0m
2023-09-29 23:54:53,190 [WARNING] django.server: [33m"GET /static/style.css HTTP/1.1" 404 1786[0m
2023-09-29 23:54:56,774 [DEBUG] server_log: {"log_level": "INFO", "category": "A_modify", "method": "POST", "time": "2023-09-29 23:54", "user_id": 16, "answer_id": 9, "status": "Success"}
2023-09-29 23:54:56,780 [INFO] django.server: [32m"POST /pybo/answer/modify/9/ HTTP/1.1" 302 0[0m
2023-09-29 23:54:56,809 [INFO] django.server: [m"GET /pybo/15/ HTTP/1.1" 200 5309[0m
2023-09-29 23:54:56,880 [WARNING] django.server: [33m"GET /static/style.css HTTP/1.1" 404 1786[0m
2023-09-29 23:55:01,693 [DEBUG] server_log: {"log_level": "INFO", "category": "A_delete", "method": "POST", "time": "2023-09-29 23:54", "user_id": 16, "answer_id": null, "status": "Success"}
2023-09-29 23:55:01,699 [INFO] django.server: [32m"GET /pybo/answer/delete/9/ HTTP/1.1" 302 0[0m
2023-09-29 23:55:01,717 [INFO] django.server: [m"GET /pybo/15/ HTTP/1.1" 200 4015[0m
2023-09-29 23:55:01,785 [WARNING] django.server: [33m"GET /static/style.css HTTP/1.1" 404 1786[0m
2023-09-29 23:55:03,382 [INFO] django.server: [m"GET /pybo/ HTTP/1.1" 200 8629[0m
2023-09-29 23:55:03,400 [WARNING] django.server: [33m"GET /static/style.css HTTP/1.1" 404 1786[0m
2023-09-29 23:55:04,365 [INFO] django.server: [32m"GET /common/logout/ HTTP/1.1" 302 0[0m
2023-09-29 23:55:04,398 [INFO] django.server: [m"GET / HTTP/1.1" 200 8717[0m
2023-09-29 23:55:04,461 [WARNING] django.server: [33m"GET /static/style.css HTTP/1.1" 404 1786[0m
2023-09-29 23:55:05,551 [INFO] django.server: [m"GET /common/login/ HTTP/1.1" 200 2697[0m
2023-09-29 23:55:05,570 [WARNING] django.server: [33m"GET /static/style.css HTTP/1.1" 404 1786[0m
2023-09-29 23:55:09,346 [INFO] django.server: [32m"POST /common/login/ HTTP/1.1" 302 0[0m
2023-09-29 23:55:09,377 [INFO] django.server: [m"GET / HTTP/1.1" 200 8627[0m
2023-09-29 23:55:09,444 [WARNING] django.server: [33m"GET /static/style.css HTTP/1.1" 404 1786[0m
2023-09-29 23:55:10,564 [INFO] django.server: [m"GET /pybo/14/ HTTP/1.1" 200 4013[0m
2023-09-29 23:55:10,584 [WARNING] django.server: [33m"GET /static/style.css HTTP/1.1" 404 1786[0m
2023-09-29 23:55:14,968 [DEBUG] server_log: {"log_level": "INFO", "category": "Q_vote", "method": "POST", "time": "2023-09-29 23:54", "voter": 1, "question_id": 14, "status": "Success"}
2023-09-29 23:55:14,974 [INFO] django.server: [32m"GET /pybo/question/vote/14/ HTTP/1.1" 302 0[0m
2023-09-29 23:55:14,994 [INFO] django.server: [m"GET /pybo/14/ HTTP/1.1" 200 4013[0m
2023-09-29 23:55:15,061 [WARNING] django.server: [33m"GET /static/style.css HTTP/1.1" 404 1786[0m
2023-09-29 23:55:16,496 [INFO] django.server: [m"GET /pybo/ HTTP/1.1" 200 8627[0m
2023-09-29 23:55:16,517 [WARNING] django.server: [33m"GET /static/style.css HTTP/1.1" 404 1786[0m
2023-09-30 23:26:31,577 [INFO] django.utils.autoreload: Watching for file changes with StatReloader
2023-09-30 23:26:34,790 [INFO] django.server: [m"GET / HTTP/1.1" 200 8627[0m
2023-09-30 23:26:34,814 [INFO] django.server: [m"GET /static/bootstrap.min.css HTTP/1.1" 200 163873[0m
2023-09-30 23:26:34,823 [WARNING] django.server: [33m"GET /static/style.css HTTP/1.1" 404 1786[0m
2023-09-30 23:26:34,897 [WARNING] django.request: Not Found: /favicon.ico
2023-09-30 23:26:34,898 [WARNING] django.server: [33m"GET /favicon.ico HTTP/1.1" 404 2436[0m
2023-09-30 23:26:36,136 [INFO] django.server: [32m"GET /common/logout/ HTTP/1.1" 302 0[0m
2023-09-30 23:26:36,164 [INFO] django.server: [m"GET / HTTP/1.1" 200 8717[0m
2023-09-30 23:26:36,232 [WARNING] django.server: [33m"GET /static/style.css HTTP/1.1" 404 1786[0m
2023-09-30 23:26:37,241 [INFO] django.server: [m"GET /common/signup/ HTTP/1.1" 200 3029[0m
2023-09-30 23:26:37,258 [WARNING] django.server: [33m"GET /static/style.css HTTP/1.1" 404 1786[0m
2023-09-30 23:26:52,129 [INFO] django.server: [m"POST /common/signup/ HTTP/1.1" 200 3551[0m
2023-09-30 23:26:52,147 [WARNING] django.server: [33m"GET /static/style.css HTTP/1.1" 404 1786[0m
2023-09-30 23:26:58,902 [DEBUG] server_log: {'log_level': 'info', 'category': 'signup', 'time': '2023-09-30 23:26', 'method': 'POST', 'username': 'tptp', 'email': 'tptp@tptp.tp', 'status': 'Success'}
2023-09-30 23:26:59,096 [INFO] django.server: [32m"POST /common/signup/ HTTP/1.1" 302 0[0m
2023-09-30 23:26:59,149 [INFO] django.server: [m"GET / HTTP/1.1" 200 8627[0m
2023-09-30 23:26:59,210 [WARNING] django.server: [33m"GET /static/style.css HTTP/1.1" 404 1786[0m
2023-10-01 00:28:54,143 [INFO] django.server: [32m"GET /common/logout/ HTTP/1.1" 302 0[0m
2023-10-01 00:28:54,278 [INFO] django.server: [m"GET / HTTP/1.1" 200 8717[0m
2023-10-01 00:28:54,460 [WARNING] django.server: [33m"GET /static/style.css HTTP/1.1" 404 1786[0m
2023-10-01 00:28:55,517 [INFO] django.server: [m"GET /common/signup/ HTTP/1.1" 200 3029[0m
2023-10-01 00:28:55,537 [WARNING] django.server: [33m"GET /static/style.css HTTP/1.1" 404 1786[0m
2023-10-01 00:29:07,676 [DEBUG] server_log: {'log_level': 'info', 'category': 'signup', 'time': '2023-09-30 23:26', 'method': 'POST', 'username': 'hoho', 'email': 'hoho@hoho.ho', 'status': 'Success'}
2023-10-01 00:29:07,823 [INFO] django.server: [32m"POST /common/signup/ HTTP/1.1" 302 0[0m
2023-10-01 00:29:07,881 [INFO] django.server: [m"GET / HTTP/1.1" 200 8627[0m
2023-10-01 00:29:07,960 [WARNING] django.server: [33m"GET /static/style.css HTTP/1.1" 404 1786[0m
2023-10-01 00:34:02,373 [DEBUG] server_log: {"log_level": "INFO", "category": "Q_create", "method": "POST", "time": "2023-09-30 23:26", "user_id": 18, "status": "Success"}
2023-10-01 00:34:02,461 [INFO] django.server: [m"GET /pybo/question/create/ HTTP/1.1" 200 2574[0m
2023-10-01 00:34:02,492 [WARNING] django.server: [33m"GET /static/style.css HTTP/1.1" 404 1786[0m
2023-10-01 00:34:08,918 [INFO] django.server: [32m"POST /pybo/question/create/ HTTP/1.1" 302 0[0m
2023-10-01 00:34:08,952 [INFO] django.server: [m"GET /pybo/ HTTP/1.1" 200 8631[0m
2023-10-01 00:34:09,036 [WARNING] django.server: [33m"GET /static/style.css HTTP/1.1" 404 1786[0m
2023-10-01 00:34:12,608 [INFO] django.server: [m"GET /pybo/16/ HTTP/1.1" 200 4020[0m
2023-10-01 00:34:12,622 [WARNING] django.server: [33m"GET /static/style.css HTTP/1.1" 404 1786[0m
2023-10-01 00:34:15,145 [DEBUG] server_log: {"log_level": "INFO", "category": "Q_vote", "method": "POST", "time": "2023-09-30 23:26", "voter": 18, "question_id": 16, "status": "Success"}
2023-10-01 00:34:15,166 [INFO] django.server: [32m"GET /pybo/question/vote/16/ HTTP/1.1" 302 0[0m
2023-10-01 00:34:15,187 [INFO] django.server: [m"GET /pybo/16/ HTTP/1.1" 200 4020[0m
2023-10-01 00:34:15,254 [WARNING] django.server: [33m"GET /static/style.css HTTP/1.1" 404 1786[0m
2023-10-01 00:34:18,557 [DEBUG] server_log: {"log_level": "INFO", "category": "A_create", "method": "POST", "time": "2023-09-30 23:26", "user_id": 18, "answer_id": 10, "status": "Success"}
2023-10-01 00:34:18,611 [INFO] django.server: [32m"POST /pybo/answer/create/16/ HTTP/1.1" 302 0[0m
2023-10-01 00:34:18,645 [INFO] django.server: [m"GET /pybo/16/ HTTP/1.1" 200 5078[0m
2023-10-01 00:34:18,706 [WARNING] django.server: [33m"GET /static/style.css HTTP/1.1" 404 1786[0m
2023-10-01 00:34:20,728 [INFO] django.server: [32m"GET /common/logout/ HTTP/1.1" 302 0[0m
2023-10-01 00:34:20,756 [INFO] django.server: [m"GET / HTTP/1.1" 200 8800[0m
2023-10-01 00:34:20,815 [WARNING] django.server: [33m"GET /static/style.css HTTP/1.1" 404 1786[0m
2023-10-01 00:34:21,627 [INFO] django.server: [m"GET /common/login/ HTTP/1.1" 200 2697[0m
2023-10-01 00:34:21,642 [WARNING] django.server: [33m"GET /static/style.css HTTP/1.1" 404 1786[0m
2023-10-01 00:34:27,008 [INFO] django.server: [m"POST /common/login/ HTTP/1.1" 200 3045[0m
2023-10-01 00:34:27,029 [WARNING] django.server: [33m"GET /static/style.css HTTP/1.1" 404 1786[0m
2023-10-01 00:34:29,126 [INFO] django.server: [32m"POST /common/login/ HTTP/1.1" 302 0[0m
2023-10-01 00:34:29,162 [INFO] django.server: [m"GET / HTTP/1.1" 200 8710[0m
2023-10-01 00:34:29,225 [WARNING] django.server: [33m"GET /static/style.css HTTP/1.1" 404 1786[0m
2023-10-01 00:34:30,416 [INFO] django.server: [m"GET /pybo/15/ HTTP/1.1" 200 4013[0m
2023-10-01 00:34:30,431 [WARNING] django.server: [33m"GET /static/style.css HTTP/1.1" 404 1786[0m
2023-10-01 00:34:33,297 [DEBUG] server_log: {"log_level": "INFO", "category": "A_create", "method": "POST", "time": "2023-09-30 23:26", "user_id": 1, "answer_id": 11, "status": "Success"}
2023-10-01 00:34:33,318 [INFO] django.server: [32m"POST /pybo/answer/create/15/ HTTP/1.1" 302 0[0m
2023-10-01 00:34:33,338 [INFO] django.server: [m"GET /pybo/15/ HTTP/1.1" 200 5072[0m
2023-10-01 00:34:33,398 [WARNING] django.server: [33m"GET /static/style.css HTTP/1.1" 404 1786[0m
2023-10-01 00:34:35,691 [DEBUG] server_log: {"log_level": "INFO", "category": "Q_vote", "method": "POST", "time": "2023-09-30 23:26", "voter": 1, "question_id": 15, "status": "Success"}
2023-10-01 00:34:35,694 [INFO] django.server: [32m"GET /pybo/question/vote/15/ HTTP/1.1" 302 0[0m
2023-10-01 00:34:35,721 [INFO] django.server: [m"GET /pybo/15/ HTTP/1.1" 200 5072[0m
2023-10-01 00:34:35,778 [WARNING] django.server: [33m"GET /static/style.css HTTP/1.1" 404 1786[0m
2023-10-01 00:34:37,028 [INFO] django.server: [m"GET /pybo/ HTTP/1.1" 200 8789[0m
2023-10-01 00:34:37,044 [WARNING] django.server: [33m"GET /static/style.css HTTP/1.1" 404 1786[0m
2023-10-01 00:34:37,652 [INFO] django.server: [m"GET /pybo/16/ HTTP/1.1" 200 4797[0m
2023-10-01 00:34:37,675 [WARNING] django.server: [33m"GET /static/style.css HTTP/1.1" 404 1786[0m
2023-10-01 00:34:39,475 [DEBUG] server_log: {"log_level": "INFO", "category": "A_vote", "method": "POST", "time": "2023-09-30 23:26", "answer_id": 10, "voter_id": 1, "status": "Success"}
2023-10-01 00:34:39,480 [INFO] django.server: [32m"GET /pybo/answer/vote/10/ HTTP/1.1" 302 0[0m
2023-10-01 00:34:39,501 [INFO] django.server: [m"GET /pybo/16/ HTTP/1.1" 200 4797[0m
2023-10-01 00:34:39,557 [WARNING] django.server: [33m"GET /static/style.css HTTP/1.1" 404 1786[0m
2023-10-01 00:34:40,914 [DEBUG] server_log: {"log_level": "INFO", "category": "Q_vote", "method": "POST", "time": "2023-09-30 23:26", "voter": 1, "question_id": 16, "status": "Success"}
2023-10-01 00:34:40,918 [INFO] django.server: [32m"GET /pybo/question/vote/16/ HTTP/1.1" 302 0[0m
2023-10-01 00:34:40,939 [INFO] django.server: [m"GET /pybo/16/ HTTP/1.1" 200 4797[0m
2023-10-01 00:34:41,002 [WARNING] django.server: [33m"GET /static/style.css HTTP/1.1" 404 1786[0m
2023-10-01 00:34:42,660 [INFO] django.server: [m"GET /pybo/ HTTP/1.1" 200 8789[0m
2023-10-01 00:34:42,678 [WARNING] django.server: [33m"GET /static/style.css HTTP/1.1" 404 1786[0m
2023-10-01 00:49:24,609 [INFO] django.utils.autoreload: Watching for file changes with StatReloader
2023-10-01 00:49:28,418 [INFO] django.server: [m"GET / HTTP/1.1" 200 8789[0m
2023-10-01 00:49:28,458 [WARNING] django.server: [33m"GET /static/style.css HTTP/1.1" 404 1786[0m
2023-10-01 00:49:28,596 [WARNING] django.request: Not Found: /favicon.ico
2023-10-01 00:49:28,596 [WARNING] django.server: [33m"GET /favicon.ico HTTP/1.1" 404 2436[0m
2023-10-01 00:49:55,377 [DEBUG] server_log: {"log_level": "INFO", "category": "Q_create", "method": "POST", "time": "2023-10-01 00:49", "user_id": 1, "status": "Success"}
2023-10-01 00:49:55,450 [INFO] django.server: [m"GET /pybo/question/create/ HTTP/1.1" 200 2574[0m
2023-10-01 00:49:55,469 [WARNING] django.server: [33m"GET /static/style.css HTTP/1.1" 404 1786[0m
2023-10-01 00:50:01,226 [INFO] django.server: [32m"POST /pybo/question/create/ HTTP/1.1" 302 0[0m
2023-10-01 00:50:01,256 [INFO] django.server: [m"GET /pybo/ HTTP/1.1" 200 8798[0m
2023-10-01 00:50:01,315 [WARNING] django.server: [33m"GET /static/style.css HTTP/1.1" 404 1786[0m
2023-10-01 00:50:02,253 [INFO] django.server: [32m"GET /common/logout/ HTTP/1.1" 302 0[0m
2023-10-01 00:50:02,288 [INFO] django.server: [m"GET / HTTP/1.1" 200 8888[0m
2023-10-01 00:50:02,342 [WARNING] django.server: [33m"GET /static/style.css HTTP/1.1" 404 1786[0m
2023-10-01 00:50:03,326 [INFO] django.server: [m"GET /common/login/ HTTP/1.1" 200 2697[0m
2023-10-01 00:50:03,345 [WARNING] django.server: [33m"GET /static/style.css HTTP/1.1" 404 1786[0m
2023-10-01 00:50:09,207 [INFO] django.server: [32m"POST /common/login/ HTTP/1.1" 302 0[0m
2023-10-01 00:50:09,239 [INFO] django.server: [m"GET / HTTP/1.1" 200 8799[0m
2023-10-01 00:50:09,300 [WARNING] django.server: [33m"GET /static/style.css HTTP/1.1" 404 1786[0m
2023-10-01 00:50:10,283 [INFO] django.server: [m"GET /pybo/17/ HTTP/1.1" 200 4028[0m
2023-10-01 00:50:10,300 [WARNING] django.server: [33m"GET /static/style.css HTTP/1.1" 404 1786[0m
2023-10-01 00:50:11,846 [DEBUG] server_log: {"log_level": "INFO", "category": "Q_vote", "method": "POST", "time": "2023-10-01 00:49", "voter": 2, "question_id": 17, "status": "Success"}
2023-10-01 00:50:11,849 [INFO] django.server: [32m"GET /pybo/question/vote/17/ HTTP/1.1" 302 0[0m
2023-10-01 00:50:11,863 [INFO] django.server: [m"GET /pybo/17/ HTTP/1.1" 200 4028[0m
2023-10-01 00:50:11,923 [WARNING] django.server: [33m"GET /static/style.css HTTP/1.1" 404 1786[0m
2023-10-01 00:50:17,005 [DEBUG] server_log: {"log_level": "INFO", "category": "A_create", "method": "POST", "time": "2023-10-01 00:49", "user_id": 2, "answer_id": 12, "status": "Success"}
2023-10-01 00:50:17,037 [INFO] django.server: [32m"POST /pybo/answer/create/17/ HTTP/1.1" 302 0[0m
2023-10-01 00:50:17,062 [INFO] django.server: [m"GET /pybo/17/ HTTP/1.1" 200 5100[0m
2023-10-01 00:50:17,123 [WARNING] django.server: [33m"GET /static/style.css HTTP/1.1" 404 1786[0m
2023-10-01 00:50:19,436 [INFO] django.server: [32m"GET /pybo/answer/vote/12/ HTTP/1.1" 302 0[0m
2023-10-01 00:50:19,463 [INFO] django.server: [m"GET /pybo/17/ HTTP/1.1" 200 5291[0m
2023-10-01 00:50:19,524 [WARNING] django.server: [33m"GET /static/style.css HTTP/1.1" 404 1786[0m
2023-10-01 00:50:23,148 [DEBUG] server_log: {"log_level": "INFO", "category": "Q_vote", "method": "POST", "time": "2023-10-01 00:49", "voter": 2, "question_id": 17, "status": "Success"}
2023-10-01 00:50:23,153 [INFO] django.server: [32m"GET /pybo/question/vote/17/ HTTP/1.1" 302 0[0m
2023-10-01 00:50:23,170 [INFO] django.server: [m"GET /pybo/17/ HTTP/1.1" 200 5100[0m
2023-10-01 00:50:23,234 [WARNING] django.server: [33m"GET /static/style.css HTTP/1.1" 404 1786[0m
2023-10-01 00:50:24,812 [INFO] django.server: [m"GET /pybo/answer/modify/12/ HTTP/1.1" 200 2340[0m
2023-10-01 00:50:24,828 [WARNING] django.server: [33m"GET /static/style.css HTTP/1.1" 404 1786[0m
2023-10-01 00:50:28,143 [DEBUG] server_log: {"log_level": "INFO", "category": "A_modify", "method": "POST", "time": "2023-10-01 00:49", "user_id": 2, "answer_id": 12, "status": "Success"}
2023-10-01 00:50:28,149 [INFO] django.server: [32m"POST /pybo/answer/modify/12/ HTTP/1.1" 302 0[0m
2023-10-01 00:50:28,167 [INFO] django.server: [m"GET /pybo/17/ HTTP/1.1" 200 5337[0m
2023-10-01 00:50:28,229 [WARNING] django.server: [33m"GET /static/style.css HTTP/1.1" 404 1786[0m
2023-10-01 00:56:24,814 [INFO] django.server: [m"GET / HTTP/1.1" 200 8878[0m
2023-10-01 00:56:24,839 [WARNING] django.server: [33m"GET /static/style.css HTTP/1.1" 404 1786[0m
2023-10-01 00:56:30,048 [DEBUG] server_log: {"log_level": "INFO", "category": "Q_create", "method": "POST", "time": "2023-10-01 00:49", "user_id": 2, "status": "Success"}
2023-10-01 00:56:30,236 [INFO] django.server: [m"GET /pybo/question/create/ HTTP/1.1" 200 2575[0m
2023-10-01 00:56:30,252 [WARNING] django.server: [33m"GET /static/style.css HTTP/1.1" 404 1786[0m
2023-10-01 00:56:35,454 [INFO] django.server: [32m"POST /pybo/question/create/ HTTP/1.1" 302 0[0m
2023-10-01 00:56:35,487 [INFO] django.server: [m"GET /pybo/ HTTP/1.1" 200 8873[0m
2023-10-01 00:56:35,547 [WARNING] django.server: [33m"GET /static/style.css HTTP/1.1" 404 1786[0m
2023-10-01 00:58:18,241 [INFO] django.server: [32m"GET /common/logout/ HTTP/1.1" 302 0[0m
2023-10-01 00:58:18,266 [INFO] django.server: [m"GET / HTTP/1.1" 200 8962[0m
2023-10-01 00:58:18,330 [WARNING] django.server: [33m"GET /static/style.css HTTP/1.1" 404 1786[0m
2023-10-01 00:58:19,186 [INFO] django.server: [m"GET /common/signup/ HTTP/1.1" 200 3029[0m
2023-10-01 00:58:19,206 [WARNING] django.server: [33m"GET /static/style.css HTTP/1.1" 404 1786[0m
2023-10-01 00:58:36,093 [DEBUG] server_log: {'log_level': 'info', 'category': 'signup', 'time': '2023-10-01 00:49', 'method': 'POST', 'username': 'asfgg', 'email': 'er02@saga.com', 'status': 'Success'}
2023-10-01 00:58:36,314 [INFO] django.server: [32m"POST /common/signup/ HTTP/1.1" 302 0[0m
2023-10-01 00:58:36,345 [INFO] django.server: [m"GET / HTTP/1.1" 200 8873[0m
2023-10-01 00:58:36,406 [WARNING] django.server: [33m"GET /static/style.css HTTP/1.1" 404 1786[0m
2023-10-01 01:11:27,854 [WARNING] django.security.csrf: Forbidden (CSRF token from POST incorrect.): /pybo/answer/create/17/
2023-10-01 01:11:27,856 [WARNING] django.server: [31;1m"POST /pybo/answer/create/17/ HTTP/1.1" 403 2543[0m
2023-10-01 01:11:43,976 [INFO] django.utils.autoreload: Watching for file changes with StatReloader
2023-10-01 01:11:46,630 [INFO] django.server: [m"GET / HTTP/1.1" 200 8873[0m
2023-10-01 01:11:46,659 [WARNING] django.server: [33m"GET /static/style.css HTTP/1.1" 404 1786[0m
2023-10-01 01:11:49,112 [DEBUG] server_log: {"log_level": "INFO", "category": "Q_create", "method": "POST", "time": "2023-10-01 01:11", "user_id": 19, "status": "Success"}
2023-10-01 01:11:49,119 [INFO] django.server: [m"GET /pybo/question/create/ HTTP/1.1" 200 2575[0m
2023-10-01 01:11:49,141 [WARNING] django.server: [33m"GET /static/style.css HTTP/1.1" 404 1786[0m
2023-10-01 01:11:52,460 [INFO] django.server: [32m"POST /pybo/question/create/ HTTP/1.1" 302 0[0m
2023-10-01 01:11:52,488 [INFO] django.server: [m"GET /pybo/ HTTP/1.1" 200 8869[0m
2023-10-01 01:11:52,543 [WARNING] django.server: [33m"GET /static/style.css HTTP/1.1" 404 1786[0m
2023-10-01 01:11:53,499 [INFO] django.server: [32m"GET /common/logout/ HTTP/1.1" 302 0[0m
2023-10-01 01:11:53,529 [INFO] django.server: [m"GET / HTTP/1.1" 200 8958[0m
2023-10-01 01:11:53,590 [WARNING] django.server: [33m"GET /static/style.css HTTP/1.1" 404 1786[0m
2023-10-01 01:11:54,437 [INFO] django.server: [m"GET /common/signup/ HTTP/1.1" 200 3029[0m
2023-10-01 01:11:54,455 [WARNING] django.server: [33m"GET /static/style.css HTTP/1.1" 404 1786[0m
2023-10-01 01:12:05,314 [DEBUG] server_log: {'log_level': 'info', 'category': 'signup', 'time': '2023-10-01 01:11', 'method': 'POST', 'username': 'dgsdhsa', 'email': 'sdkafj@alsfssf.com', 'status': 'Success'}
2023-10-01 01:12:05,325 [INFO] django.server: [32m"POST /common/signup/ HTTP/1.1" 302 0[0m
2023-10-01 01:12:05,362 [INFO] django.server: [m"GET / HTTP/1.1" 200 8871[0m
2023-10-01 01:12:05,426 [WARNING] django.server: [33m"GET /static/style.css HTTP/1.1" 404 1786[0m
2023-10-01 01:12:34,899 [INFO] django.server: [32m"GET /common/logout/ HTTP/1.1" 302 0[0m
2023-10-01 01:12:34,933 [INFO] django.server: [m"GET / HTTP/1.1" 200 8958[0m
2023-10-01 01:12:34,991 [WARNING] django.server: [33m"GET /static/style.css HTTP/1.1" 404 1786[0m
2023-10-01 01:12:35,763 [INFO] django.server: [m"GET /common/signup/ HTTP/1.1" 200 3029[0m
2023-10-01 01:12:35,777 [WARNING] django.server: [33m"GET /static/style.css HTTP/1.1" 404 1786[0m
2023-10-01 01:12:51,003 [DEBUG] server_log: {'log_level': 'info', 'category': 'signup', 'time': '2023-10-01 01:11', 'method': 'POST', 'username': 'wtwtwrru', 'email': 'f2ds3g@sfak.com', 'status': 'Success'}
2023-10-01 01:12:51,011 [INFO] django.server: [32m"POST /common/signup/ HTTP/1.1" 302 0[0m
2023-10-01 01:12:51,037 [INFO] django.server: [m"GET / HTTP/1.1" 200 8872[0m
2023-10-01 01:12:51,105 [WARNING] django.server: [33m"GET /static/style.css HTTP/1.1" 404 1786[0m
2023-10-01 01:13:10,332 [DEBUG] server_log: {"log_level": "INFO", "category": "Q_create", "method": "POST", "time": "2023-10-01 01:11", "user_id": 21, "status": "Success"}
2023-10-01 01:13:10,337 [INFO] django.server: [m"GET /pybo/question/create/ HTTP/1.1" 200 2578[0m
2023-10-01 01:13:10,357 [WARNING] django.server: [33m"GET /static/style.css HTTP/1.1" 404 1786[0m
2023-10-01 01:13:13,614 [INFO] django.server: [32m"POST /pybo/question/create/ HTTP/1.1" 302 0[0m
2023-10-01 01:13:13,648 [INFO] django.server: [m"GET /pybo/ HTTP/1.1" 200 8871[0m
2023-10-01 01:13:13,709 [WARNING] django.server: [33m"GET /static/style.css HTTP/1.1" 404 1786[0m
2023-10-01 12:17:09,295 [INFO] django.utils.autoreload: Watching for file changes with StatReloader
2023-10-01 12:18:05,530 [INFO] django.server: [m"GET / HTTP/1.1" 200 8871[0m
2023-10-01 12:18:05,549 [INFO] django.server: [36m"GET /static/bootstrap.min.css HTTP/1.1" 304 0[0m
2023-10-01 12:18:05,559 [WARNING] django.server: [33m"GET /static/style.css HTTP/1.1" 404 1786[0m
2023-10-01 12:18:05,638 [WARNING] django.request: Not Found: /favicon.ico
2023-10-01 12:18:05,638 [WARNING] django.server: [33m"GET /favicon.ico HTTP/1.1" 404 2436[0m
2023-10-01 12:18:07,205 [INFO] django.server: [32m"GET /common/logout/ HTTP/1.1" 302 0[0m
2023-10-01 12:18:07,238 [INFO] django.server: [m"GET / HTTP/1.1" 200 8957[0m
2023-10-01 12:18:07,296 [WARNING] django.server: [33m"GET /static/style.css HTTP/1.1" 404 1786[0m
2023-10-01 12:18:08,406 [INFO] django.server: [m"GET /common/signup/ HTTP/1.1" 200 3029[0m
2023-10-01 12:18:08,420 [WARNING] django.server: [33m"GET /static/style.css HTTP/1.1" 404 1786[0m
2023-10-01 12:18:20,162 [DEBUG] server_log: {'log_level': 'info', 'category': 'signup', 'time': '2023-10-01 12:17', 'method': 'POST', 'username': 'wowwow', 'email': 'wow@wow.com', 'status': 'Success'}
2023-10-01 12:18:20,405 [INFO] django.server: [32m"POST /common/signup/ HTTP/1.1" 302 0[0m
2023-10-01 12:18:20,464 [INFO] django.server: [m"GET / HTTP/1.1" 200 8869[0m
2023-10-01 12:18:20,528 [WARNING] django.server: [33m"GET /static/style.css HTTP/1.1" 404 1786[0m
2023-10-01 12:18:24,473 [DEBUG] server_log: {"log_level": "INFO", "category": "Q_create", "method": "POST", "time": "2023-10-01 12:17", "user_id": 22, "status": "Success"}
2023-10-01 12:18:24,630 [INFO] django.server: [m"GET /pybo/question/create/ HTTP/1.1" 200 2576[0m
2023-10-01 12:18:24,656 [WARNING] django.server: [33m"GET /static/style.css HTTP/1.1" 404 1786[0m
2023-10-01 12:18:28,756 [INFO] django.server: [32m"POST /pybo/question/create/ HTTP/1.1" 302 0[0m
2023-10-01 12:18:28,807 [INFO] django.server: [m"GET /pybo/ HTTP/1.1" 200 9053[0m
2023-10-01 12:18:28,875 [WARNING] django.server: [33m"GET /static/style.css HTTP/1.1" 404 1786[0m
2023-10-01 12:18:30,251 [INFO] django.server: [m"GET /pybo/21/ HTTP/1.1" 200 4022[0m
2023-10-01 12:18:30,265 [WARNING] django.server: [33m"GET /static/style.css HTTP/1.1" 404 1786[0m
2023-10-01 12:18:32,938 [DEBUG] server_log: {"log_level": "INFO", "category": "A_create", "method": "POST", "time": "2023-10-01 12:17", "user_id": 22, "answer_id": 13, "status": "Success"}
2023-10-01 12:18:32,976 [INFO] django.server: [32m"POST /pybo/answer/create/21/ HTTP/1.1" 302 0[0m
2023-10-01 12:18:33,016 [INFO] django.server: [m"GET /pybo/21/ HTTP/1.1" 200 5090[0m
2023-10-01 12:18:33,083 [WARNING] django.server: [33m"GET /static/style.css HTTP/1.1" 404 1786[0m
2023-10-01 12:18:34,949 [INFO] django.server: [m"GET /pybo/ HTTP/1.1" 200 9132[0m
2023-10-01 12:18:34,968 [WARNING] django.server: [33m"GET /static/style.css HTTP/1.1" 404 1786[0m
2023-10-01 12:18:37,114 [INFO] django.server: [m"GET /pybo/17/ HTTP/1.1" 200 5057[0m
2023-10-01 12:18:37,135 [WARNING] django.server: [33m"GET /static/style.css HTTP/1.1" 404 1786[0m
2023-10-01 12:18:39,601 [DEBUG] server_log: {"log_level": "INFO", "category": "A_create", "method": "POST", "time": "2023-10-01 12:17", "user_id": 22, "answer_id": 14, "status": "Success"}
2023-10-01 12:18:39,607 [INFO] django.server: [32m"POST /pybo/answer/create/17/ HTTP/1.1" 302 0[0m
2023-10-01 12:18:39,644 [INFO] django.server: [m"GET /pybo/17/ HTTP/1.1" 200 6122[0m
2023-10-01 12:18:39,711 [WARNING] django.server: [33m"GET /static/style.css HTTP/1.1" 404 1786[0m
2023-10-01 12:18:41,353 [DEBUG] server_log: {"log_level": "INFO", "category": "A_vote", "method": "POST", "time": "2023-10-01 12:17", "answer_id": 12, "voter_id": 22, "status": "Success"}
2023-10-01 12:18:41,362 [INFO] django.server: [32m"GET /pybo/answer/vote/12/ HTTP/1.1" 302 0[0m
2023-10-01 12:18:41,398 [INFO] django.server: [m"GET /pybo/17/ HTTP/1.1" 200 6122[0m
2023-10-01 12:18:41,456 [WARNING] django.server: [33m"GET /static/style.css HTTP/1.1" 404 1786[0m
2023-10-01 12:18:43,053 [INFO] django.server: [32m"GET /pybo/answer/vote/14/ HTTP/1.1" 302 0[0m
2023-10-01 12:18:43,091 [INFO] django.server: [m"GET /pybo/17/ HTTP/1.1" 200 6313[0m
2023-10-01 12:18:43,152 [WARNING] django.server: [33m"GET /static/style.css HTTP/1.1" 404 1786[0m
2023-10-01 12:18:45,840 [DEBUG] server_log: {"log_level": "INFO", "category": "Q_vote", "method": "POST", "time": "2023-10-01 12:17", "voter": 22, "question_id": 17, "status": "Success"}
2023-10-01 12:18:45,849 [INFO] django.server: [32m"GET /pybo/question/vote/17/ HTTP/1.1" 302 0[0m
2023-10-01 12:18:45,893 [INFO] django.server: [m"GET /pybo/17/ HTTP/1.1" 200 6122[0m
2023-10-01 12:18:45,960 [WARNING] django.server: [33m"GET /static/style.css HTTP/1.1" 404 1786[0m
2023-10-01 12:18:47,664 [INFO] django.server: [m"GET /pybo/ HTTP/1.1" 200 9132[0m
2023-10-01 12:18:47,681 [WARNING] django.server: [33m"GET /static/style.css HTTP/1.1" 404 1786[0m
2023-10-01 12:25:40,294 [INFO] django.server: [32m"GET /common/logout/ HTTP/1.1" 302 0[0m
2023-10-01 12:25:40,326 [INFO] django.server: [m"GET / HTTP/1.1" 200 9220[0m
2023-10-01 12:25:40,383 [WARNING] django.server: [33m"GET /static/style.css HTTP/1.1" 404 1786[0m
2023-10-01 12:25:41,308 [INFO] django.server: [m"GET /common/login/ HTTP/1.1" 200 2697[0m
2023-10-01 12:25:41,328 [WARNING] django.server: [33m"GET /static/style.css HTTP/1.1" 404 1786[0m
2023-10-01 12:25:45,365 [INFO] django.server: [m"GET /common/signup/ HTTP/1.1" 200 3029[0m
2023-10-01 12:25:45,384 [WARNING] django.server: [33m"GET /static/style.css HTTP/1.1" 404 1786[0m
2023-10-01 12:25:54,283 [INFO] django.server: [m"POST /common/signup/ HTTP/1.1" 200 3489[0m
2023-10-01 12:25:54,303 [WARNING] django.server: [33m"GET /static/style.css HTTP/1.1" 404 1786[0m
2023-10-01 12:25:58,731 [DEBUG] server_log: {'log_level': 'info', 'category': 'signup', 'time': '2023-10-01 12:17', 'method': 'POST', 'username': 'gds2g', 'email': 'f5sfds9g@dfaf.com', 'status': 'Success'}
2023-10-01 12:25:58,746 [INFO] django.server: [32m"POST /common/signup/ HTTP/1.1" 302 0[0m
2023-10-01 12:25:58,800 [INFO] django.server: [m"GET / HTTP/1.1" 200 9131[0m
2023-10-01 12:25:58,858 [WARNING] django.server: [33m"GET /static/style.css HTTP/1.1" 404 1786[0m
2023-10-01 12:26:07,520 [DEBUG] server_log: {"log_level": "INFO", "category": "Q_create", "method": "POST", "time": "2023-10-01 12:17", "user_id": 23, "status": "Success"}
2023-10-01 12:26:07,526 [INFO] django.server: [m"GET /pybo/question/create/ HTTP/1.1" 200 2575[0m
2023-10-01 12:26:07,556 [WARNING] django.server: [33m"GET /static/style.css HTTP/1.1" 404 1786[0m
2023-10-01 12:26:10,893 [INFO] django.server: [32m"POST /pybo/question/create/ HTTP/1.1" 302 0[0m
2023-10-01 12:26:10,952 [INFO] django.server: [m"GET /pybo/ HTTP/1.1" 200 9137[0m
2023-10-01 12:26:11,022 [WARNING] django.server: [33m"GET /static/style.css HTTP/1.1" 404 1786[0m
2023-10-01 12:26:12,803 [INFO] django.server: [m"GET /pybo/18/ HTTP/1.1" 200 4016[0m
2023-10-01 12:26:12,818 [WARNING] django.server: [33m"GET /static/style.css HTTP/1.1" 404 1786[0m
2023-10-01 12:26:14,996 [DEBUG] server_log: {"log_level": "INFO", "category": "A_create", "method": "POST", "time": "2023-10-01 12:17", "user_id": 23, "answer_id": 15, "status": "Success"}
2023-10-01 12:26:15,002 [INFO] django.server: [32m"POST /pybo/answer/create/18/ HTTP/1.1" 302 0[0m
2023-10-01 12:26:15,034 [INFO] django.server: [m"GET /pybo/18/ HTTP/1.1" 200 5078[0m
2023-10-01 12:26:15,101 [WARNING] django.server: [33m"GET /static/style.css HTTP/1.1" 404 1786[0m
2023-10-01 12:26:16,625 [DEBUG] server_log: {"log_level": "INFO", "category": "Q_vote", "method": "POST", "time": "2023-10-01 12:17", "voter": 23, "question_id": 18, "status": "Success"}
2023-10-01 12:26:16,631 [INFO] django.server: [32m"GET /pybo/question/vote/18/ HTTP/1.1" 302 0[0m
2023-10-01 12:26:16,657 [INFO] django.server: [m"GET /pybo/18/ HTTP/1.1" 200 5078[0m
2023-10-01 12:26:16,719 [WARNING] django.server: [33m"GET /static/style.css HTTP/1.1" 404 1786[0m
2023-10-01 12:26:18,923 [INFO] django.server: [m"GET /pybo/ HTTP/1.1" 200 9216[0m
2023-10-01 12:26:18,947 [WARNING] django.server: [33m"GET /static/style.css HTTP/1.1" 404 1786[0m
2023-10-01 12:26:21,897 [INFO] django.server: [m"GET /?kw=&page=3 HTTP/1.1" 200 5641[0m
2023-10-01 12:26:21,917 [WARNING] django.server: [33m"GET /static/style.css HTTP/1.1" 404 1786[0m
2023-10-01 12:26:23,497 [INFO] django.server: [m"GET /pybo/2/ HTTP/1.1" 200 6573[0m
2023-10-01 12:26:23,521 [WARNING] django.server: [33m"GET /static/style.css HTTP/1.1" 404 1786[0m
2023-10-01 12:26:25,941 [DEBUG] server_log: {"log_level": "INFO", "category": "A_vote", "method": "POST", "time": "2023-10-01 12:17", "answer_id": 3, "voter_id": 23, "status": "Success"}
2023-10-01 12:26:25,948 [INFO] django.server: [32m"GET /pybo/answer/vote/3/ HTTP/1.1" 302 0[0m
2023-10-01 12:26:25,993 [INFO] django.server: [m"GET /pybo/2/ HTTP/1.1" 200 6573[0m
2023-10-01 12:26:26,054 [WARNING] django.server: [33m"GET /static/style.css HTTP/1.1" 404 1786[0m
2023-10-01 12:26:27,874 [DEBUG] server_log: {"log_level": "INFO", "category": "A_vote", "method": "POST", "time": "2023-10-01 12:17", "answer_id": 4, "voter_id": 23, "status": "Success"}
2023-10-01 12:26:27,881 [INFO] django.server: [32m"GET /pybo/answer/vote/4/ HTTP/1.1" 302 0[0m
2023-10-01 12:26:27,909 [INFO] django.server: [m"GET /pybo/2/ HTTP/1.1" 200 6573[0m
2023-10-01 12:26:27,966 [WARNING] django.server: [33m"GET /static/style.css HTTP/1.1" 404 1786[0m
2023-10-01 12:26:29,937 [DEBUG] server_log: {"log_level": "INFO", "category": "A_vote", "method": "POST", "time": "2023-10-01 12:17", "answer_id": 6, "voter_id": 23, "status": "Success"}
2023-10-01 12:26:29,942 [INFO] django.server: [32m"GET /pybo/answer/vote/6/ HTTP/1.1" 302 0[0m
2023-10-01 12:26:29,973 [INFO] django.server: [m"GET /pybo/2/ HTTP/1.1" 200 6573[0m
2023-10-01 12:26:30,037 [WARNING] django.server: [33m"GET /static/style.css HTTP/1.1" 404 1786[0m
2023-10-01 12:26:34,685 [DEBUG] server_log: {"log_level": "INFO", "category": "Q_vote", "method": "POST", "time": "2023-10-01 12:17", "voter": 23, "question_id": 2, "status": "Success"}
2023-10-01 12:26:34,690 [INFO] django.server: [32m"GET /pybo/question/vote/2/ HTTP/1.1" 302 0[0m
2023-10-01 12:26:34,725 [INFO] django.server: [m"GET /pybo/2/ HTTP/1.1" 200 6573[0m
2023-10-01 12:26:34,783 [WARNING] django.server: [33m"GET /static/style.css HTTP/1.1" 404 1786[0m
2023-10-01 12:26:36,023 [INFO] django.server: [m"GET /pybo/ HTTP/1.1" 200 9216[0m
2023-10-01 12:26:36,043 [WARNING] django.server: [33m"GET /static/style.css HTTP/1.1" 404 1786[0m
2023-10-01 12:27:30,893 [INFO] django.server: [32m"GET /common/logout/ HTTP/1.1" 302 0[0m
2023-10-01 12:27:30,952 [INFO] django.server: [m"GET / HTTP/1.1" 200 9305[0m
2023-10-01 12:27:31,026 [WARNING] django.server: [33m"GET /static/style.css HTTP/1.1" 404 1786[0m
2023-10-01 12:27:31,813 [INFO] django.server: [m"GET /common/signup/ HTTP/1.1" 200 3029[0m
2023-10-01 12:27:31,837 [WARNING] django.server: [33m"GET /static/style.css HTTP/1.1" 404 1786[0m
2023-10-01 12:27:42,352 [DEBUG] server_log: {'log_level': 'info', 'category': 'signup', 'time': '2023-10-01 12:17', 'method': 'POST', 'username': 'dsglasgsa', 'email': 'dsgds1g@dsd.com', 'status': 'Success'}
2023-10-01 12:27:42,363 [INFO] django.server: [32m"POST /common/signup/ HTTP/1.1" 302 0[0m
2023-10-01 12:27:42,409 [INFO] django.server: [m"GET / HTTP/1.1" 200 9220[0m
2023-10-01 12:27:42,476 [WARNING] django.server: [33m"GET /static/style.css HTTP/1.1" 404 1786[0m
2023-10-01 12:28:00,707 [DEBUG] server_log: {"log_level": "INFO", "category": "Q_create", "method": "POST", "time": "2023-10-01 12:17", "user_id": 24, "status": "Success"}
2023-10-01 12:28:00,713 [INFO] django.server: [m"GET /pybo/question/create/ HTTP/1.1" 200 2579[0m
2023-10-01 12:28:00,739 [WARNING] django.server: [33m"GET /static/style.css HTTP/1.1" 404 1786[0m
2023-10-01 12:28:03,926 [INFO] django.server: [32m"POST /pybo/question/create/ HTTP/1.1" 302 0[0m
2023-10-01 12:28:03,968 [INFO] django.server: [m"GET /pybo/ HTTP/1.1" 200 9222[0m
2023-10-01 12:28:04,040 [WARNING] django.server: [33m"GET /static/style.css HTTP/1.1" 404 1786[0m
2023-10-01 12:34:41,967 [DEBUG] server_log: {"log_level": "INFO", "category": "Q_create", "method": "POST", "time": "2023-10-01 12:17", "user_id": 24, "status": "Success"}
2023-10-01 12:34:41,978 [INFO] django.server: [m"GET /pybo/question/create/ HTTP/1.1" 200 2579[0m
2023-10-01 12:34:42,008 [WARNING] django.server: [33m"GET /static/style.css HTTP/1.1" 404 1786[0m
2023-10-01 12:34:46,275 [INFO] django.server: [32m"POST /pybo/question/create/ HTTP/1.1" 302 0[0m
2023-10-01 12:34:46,326 [INFO] django.server: [m"GET /pybo/ HTTP/1.1" 200 9232[0m
2023-10-01 12:34:46,394 [WARNING] django.server: [33m"GET /static/style.css HTTP/1.1" 404 1786[0m
2023-10-01 12:34:47,470 [INFO] django.server: [m"GET /pybo/24/ HTTP/1.1" 200 4035[0m
2023-10-01 12:34:47,490 [WARNING] django.server: [33m"GET /static/style.css HTTP/1.1" 404 1786[0m
2023-10-01 12:34:48,475 [DEBUG] server_log: {"log_level": "INFO", "category": "Q_vote", "method": "POST", "time": "2023-10-01 12:17", "voter": 24, "question_id": 24, "status": "Success"}
2023-10-01 12:34:48,480 [INFO] django.server: [32m"GET /pybo/question/vote/24/ HTTP/1.1" 302 0[0m
2023-10-01 12:34:48,507 [INFO] django.server: [m"GET /pybo/24/ HTTP/1.1" 200 4035[0m
2023-10-01 12:34:48,567 [WARNING] django.server: [33m"GET /static/style.css HTTP/1.1" 404 1786[0m
2023-10-01 12:34:51,578 [DEBUG] server_log: {"log_level": "INFO", "category": "A_create", "method": "POST", "time": "2023-10-01 12:17", "user_id": 24, "answer_id": 16, "status": "Success"}
2023-10-01 12:34:51,584 [INFO] django.server: [32m"POST /pybo/answer/create/24/ HTTP/1.1" 302 0[0m
2023-10-01 12:34:51,606 [INFO] django.server: [m"GET /pybo/24/ HTTP/1.1" 200 5114[0m
2023-10-01 12:34:51,674 [WARNING] django.server: [33m"GET /static/style.css HTTP/1.1" 404 1786[0m
2023-10-01 12:34:53,092 [INFO] django.server: [m"GET /pybo/ HTTP/1.1" 200 9311[0m
2023-10-01 12:34:53,106 [WARNING] django.server: [33m"GET /static/style.css HTTP/1.1" 404 1786[0m
2023-10-01 12:34:54,521 [INFO] django.server: [m"GET /pybo/18/ HTTP/1.1" 200 4801[0m
2023-10-01 12:34:54,547 [WARNING] django.server: [33m"GET /static/style.css HTTP/1.1" 404 1786[0m
2023-10-01 12:34:55,656 [DEBUG] server_log: {"log_level": "INFO", "category": "A_vote", "method": "POST", "time": "2023-10-01 12:17", "answer_id": 15, "voter_id": 24, "status": "Success"}
2023-10-01 12:34:55,663 [INFO] django.server: [32m"GET /pybo/answer/vote/15/ HTTP/1.1" 302 0[0m
2023-10-01 12:34:55,694 [INFO] django.server: [m"GET /pybo/18/ HTTP/1.1" 200 4801[0m
2023-10-01 12:34:55,760 [WARNING] django.server: [33m"GET /static/style.css HTTP/1.1" 404 1786[0m
2023-10-01 12:36:40,054 [INFO] django.server: [m"GET /pybo/ HTTP/1.1" 200 9311[0m
2023-10-01 12:36:40,077 [WARNING] django.server: [33m"GET /static/style.css HTTP/1.1" 404 1786[0m
2023-10-01 12:36:42,715 [DEBUG] server_log: {"log_level": "INFO", "category": "Q_create", "method": "POST", "time": "2023-10-01 12:17", "user_id": 24, "status": "Success"}
2023-10-01 12:36:42,732 [INFO] django.server: [m"GET /pybo/question/create/ HTTP/1.1" 200 2579[0m
2023-10-01 12:36:42,758 [WARNING] django.server: [33m"GET /static/style.css HTTP/1.1" 404 1786[0m
2023-10-01 12:36:46,694 [INFO] django.server: [32m"POST /pybo/question/create/ HTTP/1.1" 302 0[0m
2023-10-01 12:36:46,757 [INFO] django.server: [m"GET /pybo/ HTTP/1.1" 200 9234[0m
2023-10-01 12:36:46,818 [WARNING] django.server: [33m"GET /static/style.css HTTP/1.1" 404 1786[0m
2023-10-01 12:36:51,865 [INFO] django.server: [m"GET /pybo/24/ HTTP/1.1" 200 5114[0m
2023-10-01 12:36:51,884 [WARNING] django.server: [33m"GET /static/style.css HTTP/1.1" 404 1786[0m
2023-10-01 12:36:56,678 [DEBUG] server_log: {"log_level": "INFO", "category": "A_create", "method": "POST", "time": "2023-10-01 12:17", "user_id": 24, "answer_id": 17, "status": "Success"}
2023-10-01 12:36:56,684 [INFO] django.server: [32m"POST /pybo/answer/create/24/ HTTP/1.1" 302 0[0m
2023-10-01 12:36:56,712 [INFO] django.server: [m"GET /pybo/24/ HTTP/1.1" 200 6178[0m
2023-10-01 12:36:56,780 [WARNING] django.server: [33m"GET /static/style.css HTTP/1.1" 404 1786[0m
2023-10-01 12:36:59,556 [INFO] django.server: [32m"GET /pybo/answer/vote/17/ HTTP/1.1" 302 0[0m
2023-10-01 12:36:59,600 [INFO] django.server: [m"GET /pybo/24/ HTTP/1.1" 200 6369[0m
2023-10-01 12:36:59,663 [WARNING] django.server: [33m"GET /static/style.css HTTP/1.1" 404 1786[0m
2023-10-01 12:37:03,282 [DEBUG] server_log: {"log_level": "INFO", "category": "Q_vote", "method": "POST", "time": "2023-10-01 12:17", "voter": 24, "question_id": 24, "status": "Success"}
2023-10-01 12:37:03,287 [INFO] django.server: [32m"GET /pybo/question/vote/24/ HTTP/1.1" 302 0[0m
2023-10-01 12:37:03,493 [INFO] django.server: [m"GET /pybo/24/ HTTP/1.1" 200 6178[0m
2023-10-01 12:37:03,564 [WARNING] django.server: [33m"GET /static/style.css HTTP/1.1" 404 1786[0m
2023-10-01 12:37:11,485 [INFO] django.server: [32m"GET /common/logout/ HTTP/1.1" 302 0[0m
2023-10-01 12:37:11,537 [INFO] django.server: [m"GET / HTTP/1.1" 200 9319[0m
2023-10-01 12:37:11,601 [WARNING] django.server: [33m"GET /static/style.css HTTP/1.1" 404 1786[0m
2023-10-01 12:37:12,282 [INFO] django.server: [m"GET /common/signup/ HTTP/1.1" 200 3029[0m
2023-10-01 12:37:12,309 [WARNING] django.server: [33m"GET /static/style.css HTTP/1.1" 404 1786[0m
2023-10-01 12:37:23,201 [DEBUG] server_log: {'log_level': 'info', 'category': 'signup', 'time': '2023-10-01 12:17', 'method': 'POST', 'username': 'ewrjwflsadj', 'email': 'dgds@afa.com', 'status': 'Success'}
2023-10-01 12:37:23,212 [INFO] django.server: [32m"POST /common/signup/ HTTP/1.1" 302 0[0m
2023-10-01 12:37:23,265 [INFO] django.server: [m"GET / HTTP/1.1" 200 9236[0m
2023-10-01 12:37:23,333 [WARNING] django.server: [33m"GET /static/style.css HTTP/1.1" 404 1786[0m
2023-10-01 12:37:24,992 [INFO] django.server: [m"GET /?kw=&page=3 HTTP/1.1" 200 6973[0m
2023-10-01 12:37:25,012 [WARNING] django.server: [33m"GET /static/style.css HTTP/1.1" 404 1786[0m
2023-10-01 12:37:26,262 [INFO] django.server: [m"GET /pybo/2/ HTTP/1.1" 200 6579[0m
2023-10-01 12:37:26,284 [WARNING] django.server: [33m"GET /static/style.css HTTP/1.1" 404 1786[0m
2023-10-01 12:37:27,574 [DEBUG] server_log: {"log_level": "INFO", "category": "Q_vote", "method": "POST", "time": "2023-10-01 12:17", "voter": 25, "question_id": 2, "status": "Success"}
2023-10-01 12:37:27,580 [INFO] django.server: [32m"GET /pybo/question/vote/2/ HTTP/1.1" 302 0[0m
2023-10-01 12:37:27,620 [INFO] django.server: [m"GET /pybo/2/ HTTP/1.1" 200 6579[0m
2023-10-01 12:37:27,685 [WARNING] django.server: [33m"GET /static/style.css HTTP/1.1" 404 1786[0m
2023-10-01 12:37:28,688 [DEBUG] server_log: {"log_level": "INFO", "category": "A_vote", "method": "POST", "time": "2023-10-01 12:17", "answer_id": 3, "voter_id": 25, "status": "Success"}
2023-10-01 12:37:28,694 [INFO] django.server: [32m"GET /pybo/answer/vote/3/ HTTP/1.1" 302 0[0m
2023-10-01 12:37:28,725 [INFO] django.server: [m"GET /pybo/2/ HTTP/1.1" 200 6579[0m
2023-10-01 12:37:28,796 [WARNING] django.server: [33m"GET /static/style.css HTTP/1.1" 404 1786[0m
2023-10-01 12:37:30,425 [DEBUG] server_log: {"log_level": "INFO", "category": "A_vote", "method": "POST", "time": "2023-10-01 12:17", "answer_id": 4, "voter_id": 25, "status": "Success"}
2023-10-01 12:37:30,433 [INFO] django.server: [32m"GET /pybo/answer/vote/4/ HTTP/1.1" 302 0[0m
2023-10-01 12:37:30,479 [INFO] django.server: [m"GET /pybo/2/ HTTP/1.1" 200 6579[0m
2023-10-01 12:37:30,547 [WARNING] django.server: [33m"GET /static/style.css HTTP/1.1" 404 1786[0m
2023-10-01 12:37:32,323 [DEBUG] server_log: {"log_level": "INFO", "category": "A_vote", "method": "POST", "time": "2023-10-01 12:17", "answer_id": 6, "voter_id": 25, "status": "Success"}
2023-10-01 12:37:32,331 [INFO] django.server: [32m"GET /pybo/answer/vote/6/ HTTP/1.1" 302 0[0m
2023-10-01 12:37:32,359 [INFO] django.server: [m"GET /pybo/2/ HTTP/1.1" 200 6579[0m
2023-10-01 12:37:32,430 [WARNING] django.server: [33m"GET /static/style.css HTTP/1.1" 404 1786[0m
2023-10-01 12:37:34,712 [DEBUG] server_log: {"log_level": "INFO", "category": "A_create", "method": "POST", "time": "2023-10-01 12:17", "user_id": 25, "answer_id": 18, "status": "Success"}
2023-10-01 12:37:34,716 [INFO] django.server: [32m"POST /pybo/answer/create/2/ HTTP/1.1" 302 0[0m
2023-10-01 12:37:34,756 [INFO] django.server: [m"GET /pybo/2/ HTTP/1.1" 200 7649[0m
2023-10-01 12:37:34,818 [WARNING] django.server: [33m"GET /static/style.css HTTP/1.1" 404 1786[0m
2023-10-01 12:42:34,716 [INFO] django.server: [m"GET / HTTP/1.1" 200 9236[0m
2023-10-01 12:42:34,741 [WARNING] django.server: [33m"GET /static/style.css HTTP/1.1" 404 1786[0m
2023-10-01 12:42:35,875 [INFO] django.server: [32m"GET /common/logout/ HTTP/1.1" 302 0[0m
2023-10-01 12:42:35,915 [INFO] django.server: [m"GET / HTTP/1.1" 200 9319[0m
2023-10-01 12:42:35,976 [WARNING] django.server: [33m"GET /static/style.css HTTP/1.1" 404 1786[0m
2023-10-01 12:42:36,737 [INFO] django.server: [m"GET /common/signup/ HTTP/1.1" 200 3029[0m
2023-10-01 12:42:36,755 [WARNING] django.server: [33m"GET /static/style.css HTTP/1.1" 404 1786[0m
2023-10-01 12:42:46,439 [DEBUG] server_log: {'log_level': 'info', 'category': 'signup', 'time': '2023-10-01 12:17', 'method': 'POST', 'username': 'sdfwj', 'email': 'ef@fj.com', 'status': 'Success'}
2023-10-01 12:42:46,449 [INFO] django.server: [32m"POST /common/signup/ HTTP/1.1" 302 0[0m
2023-10-01 12:42:46,491 [INFO] django.server: [m"GET / HTTP/1.1" 200 9230[0m
2023-10-01 12:42:46,548 [WARNING] django.server: [33m"GET /static/style.css HTTP/1.1" 404 1786[0m
2023-10-01 12:42:49,221 [INFO] django.server: [m"GET /?kw=&page=3 HTTP/1.1" 200 6967[0m
2023-10-01 12:42:49,243 [WARNING] django.server: [33m"GET /static/style.css HTTP/1.1" 404 1786[0m
2023-10-01 12:42:50,319 [INFO] django.server: [m"GET /pybo/3/ HTTP/1.1" 200 5566[0m
2023-10-01 12:42:50,348 [WARNING] django.server: [33m"GET /static/style.css HTTP/1.1" 404 1786[0m
2023-10-01 12:42:51,499 [DEBUG] server_log: {"log_level": "INFO", "category": "Q_vote", "method": "POST", "time": "2023-10-01 12:17", "voter": 26, "question_id": 3, "status": "Success"}
2023-10-01 12:42:51,502 [INFO] django.server: [32m"GET /pybo/question/vote/3/ HTTP/1.1" 302 0[0m
2023-10-01 12:42:51,523 [INFO] django.server: [m"GET /pybo/3/ HTTP/1.1" 200 5566[0m
2023-10-01 12:42:51,580 [WARNING] django.server: [33m"GET /static/style.css HTTP/1.1" 404 1786[0m
2023-10-01 12:42:54,912 [DEBUG] server_log: {"log_level": "INFO", "category": "A_create", "method": "POST", "time": "2023-10-01 12:17", "user_id": 26, "answer_id": 19, "status": "Success"}
2023-10-01 12:42:54,918 [INFO] django.server: [32m"POST /pybo/answer/create/3/ HTTP/1.1" 302 0[0m
2023-10-01 12:42:54,948 [INFO] django.server: [m"GET /pybo/3/ HTTP/1.1" 200 6626[0m
2023-10-01 12:42:55,008 [WARNING] django.server: [33m"GET /static/style.css HTTP/1.1" 404 1786[0m
2023-10-01 12:42:56,192 [INFO] django.server: [32m"GET /pybo/answer/vote/19/ HTTP/1.1" 302 0[0m
2023-10-01 12:42:56,231 [INFO] django.server: [m"GET /pybo/3/ HTTP/1.1" 200 6817[0m
2023-10-01 12:42:56,287 [WARNING] django.server: [33m"GET /static/style.css HTTP/1.1" 404 1786[0m
2023-10-01 12:42:57,698 [DEBUG] server_log: {"log_level": "INFO", "category": "A_vote", "method": "POST", "time": "2023-10-01 12:17", "answer_id": 8, "voter_id": 26, "status": "Success"}
2023-10-01 12:42:57,703 [INFO] django.server: [32m"GET /pybo/answer/vote/8/ HTTP/1.1" 302 0[0m
2023-10-01 12:42:57,730 [INFO] django.server: [m"GET /pybo/3/ HTTP/1.1" 200 6626[0m
2023-10-01 12:42:57,791 [WARNING] django.server: [33m"GET /static/style.css HTTP/1.1" 404 1786[0m
2023-10-01 12:42:59,502 [DEBUG] server_log: {"log_level": "INFO", "category": "A_vote", "method": "POST", "time": "2023-10-01 12:17", "answer_id": 7, "voter_id": 26, "status": "Success"}
2023-10-01 12:42:59,506 [INFO] django.server: [32m"GET /pybo/answer/vote/7/ HTTP/1.1" 302 0[0m
2023-10-01 12:42:59,530 [INFO] django.server: [m"GET /pybo/3/ HTTP/1.1" 200 6626[0m
2023-10-01 12:42:59,597 [WARNING] django.server: [33m"GET /static/style.css HTTP/1.1" 404 1786[0m
2023-10-01 12:43:06,932 [DEBUG] server_log: {"log_level": "INFO", "category": "Q_create", "method": "POST", "time": "2023-10-01 12:17", "user_id": 26, "status": "Success"}
2023-10-01 12:43:06,938 [INFO] django.server: [m"GET /pybo/question/create/ HTTP/1.1" 200 2575[0m
2023-10-01 12:43:06,952 [WARNING] django.server: [33m"GET /static/style.css HTTP/1.1" 404 1786[0m
2023-10-01 12:43:11,480 [INFO] django.server: [32m"POST /pybo/question/create/ HTTP/1.1" 302 0[0m
2023-10-01 12:43:11,513 [INFO] django.server: [m"GET /pybo/ HTTP/1.1" 200 9145[0m
2023-10-01 12:43:11,573 [WARNING] django.server: [33m"GET /static/style.css HTTP/1.1" 404 1786[0m
2023-10-01 13:01:27,249 [DEBUG] server_log: {"log_level": "INFO", "category": "Q_create", "method": "POST", "time": "2023-10-01 12:17", "user_id": 26, "status": "Success"}
2023-10-01 13:01:27,260 [INFO] django.server: [m"GET /pybo/question/create/ HTTP/1.1" 200 2575[0m
2023-10-01 13:01:27,283 [WARNING] django.server: [33m"GET /static/style.css HTTP/1.1" 404 1786[0m
2023-10-01 13:01:30,004 [INFO] django.server: [32m"POST /pybo/question/create/ HTTP/1.1" 302 0[0m
2023-10-01 13:01:30,048 [INFO] django.server: [m"GET /pybo/ HTTP/1.1" 200 9052[0m
2023-10-01 13:01:30,128 [WARNING] django.server: [33m"GET /static/style.css HTTP/1.1" 404 1786[0m
2023-10-01 13:01:31,051 [INFO] django.server: [m"GET /pybo/27/ HTTP/1.1" 200 4017[0m
2023-10-01 13:01:31,071 [WARNING] django.server: [33m"GET /static/style.css HTTP/1.1" 404 1786[0m
2023-10-01 13:01:33,379 [DEBUG] server_log: {"log_level": "INFO", "category": "A_create", "method": "POST", "time": "2023-10-01 12:17", "user_id": 26, "answer_id": 20, "status": "Success"}
2023-10-01 13:01:33,384 [INFO] django.server: [32m"POST /pybo/answer/create/27/ HTTP/1.1" 302 0[0m
2023-10-01 13:01:33,408 [INFO] django.server: [m"GET /pybo/27/ HTTP/1.1" 200 5076[0m
2023-10-01 13:01:33,476 [WARNING] django.server: [33m"GET /static/style.css HTTP/1.1" 404 1786[0m
2023-10-01 13:03:57,052 [DEBUG] server_log: {"log_level": "INFO", "category": "A_create", "method": "POST", "time": "2023-10-01 12:17", "user_id": 26, "answer_id": 21, "status": "Success"}
2023-10-01 13:03:57,056 [INFO] django.server: [32m"POST /pybo/answer/create/27/ HTTP/1.1" 302 0[0m
2023-10-01 13:03:57,080 [INFO] django.server: [m"GET /pybo/27/ HTTP/1.1" 200 6132[0m
2023-10-01 13:03:57,135 [WARNING] django.server: [33m"GET /static/style.css HTTP/1.1" 404 1786[0m
2023-10-01 13:03:59,296 [INFO] django.server: [m"GET /pybo/answer/modify/20/ HTTP/1.1" 200 2328[0m
2023-10-01 13:03:59,311 [WARNING] django.server: [33m"GET /static/style.css HTTP/1.1" 404 1786[0m
2023-10-01 13:04:01,222 [DEBUG] server_log: {"log_level": "INFO", "category": "A_modify", "method": "POST", "time": "2023-10-01 12:17", "user_id": 26, "answer_id": 20, "status": "Success"}
2023-10-01 13:04:01,230 [INFO] django.server: [32m"POST /pybo/answer/modify/20/ HTTP/1.1" 302 0[0m
2023-10-01 13:04:01,259 [INFO] django.server: [m"GET /pybo/27/ HTTP/1.1" 200 6367[0m
2023-10-01 13:04:01,323 [WARNING] django.server: [33m"GET /static/style.css HTTP/1.1" 404 1786[0m
2023-10-01 13:39:53,403 [INFO] django.utils.autoreload: Watching for file changes with StatReloader
2023-10-01 13:39:56,476 [INFO] django.server: [m"GET / HTTP/1.1" 200 9131[0m
2023-10-01 13:39:56,506 [WARNING] django.server: [33m"GET /static/style.css HTTP/1.1" 404 1786[0m
2023-10-01 13:39:56,574 [WARNING] django.request: Not Found: /favicon.ico
2023-10-01 13:39:56,574 [WARNING] django.server: [33m"GET /favicon.ico HTTP/1.1" 404 2436[0m
2023-10-01 13:39:58,470 [DEBUG] server_log: {"log_level": "INFO", "category": "Q_create", "method": "POST", "time": "2023-10-01 13:39", "user_id": 26, "status": "Success"}
2023-10-01 13:39:58,611 [INFO] django.server: [m"GET /pybo/question/create/ HTTP/1.1" 200 2575[0m
2023-10-01 13:39:58,626 [WARNING] django.server: [33m"GET /static/style.css HTTP/1.1" 404 1786[0m
2023-10-01 13:40:02,793 [INFO] django.server: [32m"POST /pybo/question/create/ HTTP/1.1" 302 0[0m
2023-10-01 13:40:02,853 [INFO] django.server: [m"GET /pybo/ HTTP/1.1" 200 9055[0m
2023-10-01 13:40:02,917 [WARNING] django.server: [33m"GET /static/style.css HTTP/1.1" 404 1786[0m
2023-10-01 13:46:19,950 [INFO] django.server: [m"GET / HTTP/1.1" 200 9055[0m
2023-10-01 13:46:19,972 [WARNING] django.server: [33m"GET /static/style.css HTTP/1.1" 404 1786[0m
2023-10-01 13:46:28,432 [DEBUG] server_log: {"log_level": "INFO", "category": "Q_create", "method": "POST", "time": "2023-10-01 13:39", "user_id": 26, "status": "Success"}
2023-10-01 13:46:28,442 [INFO] django.server: [m"GET /pybo/question/create/ HTTP/1.1" 200 2575[0m
2023-10-01 13:46:28,463 [WARNING] django.server: [33m"GET /static/style.css HTTP/1.1" 404 1786[0m
2023-10-01 13:46:31,981 [INFO] django.server: [32m"POST /pybo/question/create/ HTTP/1.1" 302 0[0m
2023-10-01 13:46:32,034 [INFO] django.server: [m"GET /pybo/ HTTP/1.1" 200 9051[0m
2023-10-01 13:46:32,101 [WARNING] django.server: [33m"GET /static/style.css HTTP/1.1" 404 1786[0m
2023-10-02 00:06:47,311 [INFO] django.utils.autoreload: Watching for file changes with StatReloader
2023-10-02 00:06:50,728 [INFO] django.server: [m"GET / HTTP/1.1" 200 9051[0m
2023-10-02 00:06:50,749 [INFO] django.server: [36m"GET /static/bootstrap.min.css HTTP/1.1" 304 0[0m
2023-10-02 00:06:50,759 [WARNING] django.server: [33m"GET /static/style.css HTTP/1.1" 404 1786[0m
2023-10-02 00:06:50,866 [WARNING] django.request: Not Found: /favicon.ico
2023-10-02 00:06:50,868 [WARNING] django.server: [33m"GET /favicon.ico HTTP/1.1" 404 2436[0m
2023-10-02 00:06:52,140 [INFO] django.server: [32m"GET /common/logout/ HTTP/1.1" 302 0[0m
2023-10-02 00:06:52,178 [INFO] django.server: [m"GET / HTTP/1.1" 200 9140[0m
2023-10-02 00:06:52,237 [WARNING] django.server: [33m"GET /static/style.css HTTP/1.1" 404 1786[0m
2023-10-02 00:06:53,033 [INFO] django.server: [m"GET /common/login/ HTTP/1.1" 200 2697[0m
2023-10-02 00:06:53,053 [WARNING] django.server: [33m"GET /static/style.css HTTP/1.1" 404 1786[0m
2023-10-02 00:06:55,980 [INFO] django.server: [m"GET /common/signup/ HTTP/1.1" 200 3029[0m
2023-10-02 00:06:55,998 [WARNING] django.server: [33m"GET /static/style.css HTTP/1.1" 404 1786[0m
2023-10-02 00:07:05,425 [DEBUG] server_log: {'log_level': 'info', 'category': 'signup', 'time': '2023-10-02 00:06', 'method': 'POST', 'username': 'qtasff', 'email': 'sad@asc.com', 'status': 'Success'}
2023-10-02 00:07:05,517 [INFO] django.server: [32m"POST /common/signup/ HTTP/1.1" 302 0[0m
2023-10-02 00:07:05,578 [INFO] django.server: [m"GET / HTTP/1.1" 200 9052[0m
2023-10-02 00:07:05,647 [WARNING] django.server: [33m"GET /static/style.css HTTP/1.1" 404 1786[0m
2023-10-02 00:07:07,098 [INFO] django.server: [m"GET /?kw=&page=2 HTTP/1.1" 200 9129[0m
2023-10-02 00:07:07,118 [WARNING] django.server: [33m"GET /static/style.css HTTP/1.1" 404 1786[0m
2023-10-02 00:07:08,867 [INFO] django.server: [m"GET /pybo/14/ HTTP/1.1" 200 4015[0m
2023-10-02 00:07:08,884 [WARNING] django.server: [33m"GET /static/style.css HTTP/1.1" 404 1786[0m
2023-10-02 00:07:11,602 [DEBUG] server_log: {"log_level": "INFO", "category": "A_create", "method": "POST", "time": "2023-10-02 00:06", "user_id": 27, "answer_id": 22, "status": "Success"}
2023-10-02 00:07:11,622 [INFO] django.server: [32m"POST /pybo/answer/create/14/ HTTP/1.1" 302 0[0m
2023-10-02 00:07:11,647 [INFO] django.server: [m"GET /pybo/14/ HTTP/1.1" 200 5076[0m
2023-10-02 00:07:11,707 [WARNING] django.server: [33m"GET /static/style.css HTTP/1.1" 404 1786[0m
2023-10-02 00:07:12,886 [DEBUG] server_log: {"log_level": "INFO", "category": "Q_vote", "method": "POST", "time": "2023-10-02 00:06", "voter": 27, "question_id": 14, "status": "Success"}
2023-10-02 00:07:12,965 [INFO] django.server: [32m"GET /pybo/question/vote/14/ HTTP/1.1" 302 0[0m
2023-10-02 00:07:12,989 [INFO] django.server: [m"GET /pybo/14/ HTTP/1.1" 200 5076[0m
2023-10-02 00:07:13,047 [WARNING] django.server: [33m"GET /static/style.css HTTP/1.1" 404 1786[0m
2023-10-02 00:07:15,763 [DEBUG] server_log: {"log_level": "INFO", "category": "A_create", "method": "POST", "time": "2023-10-02 00:06", "user_id": 27, "answer_id": 23, "status": "Success"}
2023-10-02 00:07:15,768 [INFO] django.server: [32m"POST /pybo/answer/create/14/ HTTP/1.1" 302 0[0m
2023-10-02 00:07:15,805 [INFO] django.server: [m"GET /pybo/14/ HTTP/1.1" 200 6135[0m
2023-10-02 00:07:15,867 [WARNING] django.server: [33m"GET /static/style.css HTTP/1.1" 404 1786[0m
2023-10-02 00:07:18,534 [INFO] django.server: [m"GET /pybo/ HTTP/1.1" 200 9052[0m
2023-10-02 00:07:18,552 [WARNING] django.server: [33m"GET /static/style.css HTTP/1.1" 404 1786[0m
2023-10-02 00:07:19,551 [INFO] django.server: [m"GET /?kw=&page=3 HTTP/1.1" 200 8648[0m
2023-10-02 00:07:19,572 [WARNING] django.server: [33m"GET /static/style.css HTTP/1.1" 404 1786[0m
2023-10-02 00:07:21,241 [INFO] django.server: [m"GET /pybo/4/ HTTP/1.1" 200 4018[0m
2023-10-02 00:07:21,263 [WARNING] django.server: [33m"GET /static/style.css HTTP/1.1" 404 1786[0m
2023-10-02 00:07:23,741 [DEBUG] server_log: {"log_level": "INFO", "category": "A_create", "method": "POST", "time": "2023-10-02 00:06", "user_id": 27, "answer_id": 24, "status": "Success"}
2023-10-02 00:07:23,747 [INFO] django.server: [32m"POST /pybo/answer/create/4/ HTTP/1.1" 302 0[0m
2023-10-02 00:07:23,771 [INFO] django.server: [m"GET /pybo/4/ HTTP/1.1" 200 5080[0m
2023-10-02 00:07:23,841 [WARNING] django.server: [33m"GET /static/style.css HTTP/1.1" 404 1786[0m
2023-10-02 00:07:25,230 [DEBUG] server_log: {"log_level": "INFO", "category": "Q_vote", "method": "POST", "time": "2023-10-02 00:06", "voter": 27, "question_id": 4, "status": "Success"}
2023-10-02 00:07:25,235 [INFO] django.server: [32m"GET /pybo/question/vote/4/ HTTP/1.1" 302 0[0m
2023-10-02 00:07:25,270 [INFO] django.server: [m"GET /pybo/4/ HTTP/1.1" 200 5080[0m
2023-10-02 00:07:25,337 [WARNING] django.server: [33m"GET /static/style.css HTTP/1.1" 404 1786[0m
2023-10-02 00:07:37,669 [DEBUG] server_log: {"log_level": "INFO", "category": "A_create", "method": "POST", "time": "2023-10-02 00:06", "user_id": 27, "answer_id": 25, "status": "Success"}
2023-10-02 00:07:37,674 [INFO] django.server: [32m"POST /pybo/answer/create/4/ HTTP/1.1" 302 0[0m
2023-10-02 00:07:37,696 [INFO] django.server: [m"GET /pybo/4/ HTTP/1.1" 200 6138[0m
2023-10-02 00:07:37,759 [WARNING] django.server: [33m"GET /static/style.css HTTP/1.1" 404 1786[0m
2023-10-02 00:22:14,607 [INFO] django.utils.autoreload: /home/owen/ELK_Stack/dj4ngo/common/views.py changed, reloading.
2023-10-02 00:22:15,043 [INFO] django.utils.autoreload: Watching for file changes with StatReloader
2023-10-02 00:22:59,966 [INFO] django.utils.autoreload: /home/owen/ELK_Stack/dj4ngo/pybo/views/answer_views.py changed, reloading.
2023-10-02 00:23:00,263 [INFO] django.utils.autoreload: Watching for file changes with StatReloader
2023-10-02 00:23:13,857 [INFO] django.utils.autoreload: /home/owen/ELK_Stack/dj4ngo/pybo/views/question_views.py changed, reloading.
2023-10-02 00:23:14,128 [INFO] django.utils.autoreload: Watching for file changes with StatReloader
2023-10-02 01:06:33,728 [INFO] django.server: [32m"GET /common/logout/ HTTP/1.1" 302 0[0m
2023-10-02 01:06:33,849 [INFO] django.server: [m"GET / HTTP/1.1" 200 9140[0m
2023-10-02 01:06:33,927 [WARNING] django.server: [33m"GET /static/style.css HTTP/1.1" 404 1786[0m
2023-10-02 01:06:35,412 [INFO] django.server: [m"GET /common/login/ HTTP/1.1" 200 2697[0m
2023-10-02 01:06:35,432 [WARNING] django.server: [33m"GET /static/style.css HTTP/1.1" 404 1786[0m
2023-10-02 01:06:37,039 [INFO] django.server: [m"GET /common/signup/ HTTP/1.1" 200 3029[0m
2023-10-02 01:06:37,055 [WARNING] django.server: [33m"GET /static/style.css HTTP/1.1" 404 1786[0m
2023-10-02 01:06:44,826 [DEBUG] server_log: {"log_level": "info", "category": "sign_up", "@timestamp": "2023-10-02 00:23", "method": "POST", "username": "sdgsah", "email": "f12asf@sfasf.com", "status": "Success"}
2023-10-02 01:06:44,976 [INFO] django.server: [32m"POST /common/signup/ HTTP/1.1" 302 0[0m
2023-10-02 01:06:45,023 [INFO] django.server: [m"GET / HTTP/1.1" 200 9052[0m
2023-10-02 01:06:45,084 [WARNING] django.server: [33m"GET /static/style.css HTTP/1.1" 404 1786[0m
2023-10-02 01:26:22,963 [INFO] django.server: [32m"GET /common/logout/ HTTP/1.1" 302 0[0m
2023-10-02 01:26:22,998 [INFO] django.server: [m"GET / HTTP/1.1" 200 9140[0m
2023-10-02 01:26:23,068 [WARNING] django.server: [33m"GET /static/style.css HTTP/1.1" 404 1786[0m
2023-10-02 01:26:23,857 [INFO] django.server: [m"GET /common/signup/ HTTP/1.1" 200 3029[0m
2023-10-02 01:26:23,876 [WARNING] django.server: [33m"GET /static/style.css HTTP/1.1" 404 1786[0m
2023-10-02 01:26:32,529 [DEBUG] server_log: {"log_level": "info", "category": "sign_up", "@timestamp": "2023-10-02 00:23", "method": "POST", "username": "asfasfga", "email": "fsdg2@af12asf3.com", "status": "Success"}
2023-10-02 01:26:32,538 [INFO] django.server: [32m"POST /common/signup/ HTTP/1.1" 302 0[0m
2023-10-02 01:26:32,570 [INFO] django.server: [m"GET / HTTP/1.1" 200 9054[0m
2023-10-02 01:26:32,630 [WARNING] django.server: [33m"GET /static/style.css HTTP/1.1" 404 1786[0m
2023-10-02 01:26:34,453 [INFO] django.server: [32m"GET /common/logout/ HTTP/1.1" 302 0[0m
2023-10-02 01:26:34,480 [INFO] django.server: [m"GET / HTTP/1.1" 200 9140[0m
2023-10-02 01:26:34,546 [WARNING] django.server: [33m"GET /static/style.css HTTP/1.1" 404 1786[0m
2023-10-02 01:26:35,202 [INFO] django.server: [m"GET /common/signup/ HTTP/1.1" 200 3029[0m
2023-10-02 01:26:35,220 [WARNING] django.server: [33m"GET /static/style.css HTTP/1.1" 404 1786[0m
2023-10-02 01:26:43,579 [DEBUG] server_log: {"log_level": "info", "category": "sign_up", "@timestamp": "2023-10-02 00:23", "method": "POST", "username": "eyyagd", "email": "saf12a3f@asfagan.com", "status": "Success"}
2023-10-02 01:26:43,589 [INFO] django.server: [32m"POST /common/signup/ HTTP/1.1" 302 0[0m
2023-10-02 01:26:43,624 [INFO] django.server: [m"GET / HTTP/1.1" 200 9052[0m
2023-10-02 01:26:43,685 [WARNING] django.server: [33m"GET /static/style.css HTTP/1.1" 404 1786[0m
2023-10-02 01:28:44,810 [INFO] django.server: [32m"GET /common/logout/ HTTP/1.1" 302 0[0m
2023-10-02 01:28:44,846 [INFO] django.server: [m"GET / HTTP/1.1" 200 9140[0m
2023-10-02 01:28:44,909 [WARNING] django.server: [33m"GET /static/style.css HTTP/1.1" 404 1786[0m
2023-10-02 01:28:45,520 [INFO] django.server: [m"GET /common/signup/ HTTP/1.1" 200 3029[0m
2023-10-02 01:28:45,535 [WARNING] django.server: [33m"GET /static/style.css HTTP/1.1" 404 1786[0m
2023-10-02 01:28:53,991 [DEBUG] server_log: {"log_level": "info", "category": "sign_up", "@timestamp": "2023-10-02 00:23", "method": "POST", "username": "315ag", "email": "fd12s3df@asfaf.com", "status": "Success"}
2023-10-02 01:28:54,010 [INFO] django.server: [32m"POST /common/signup/ HTTP/1.1" 302 0[0m
2023-10-02 01:28:54,046 [INFO] django.server: [m"GET / HTTP/1.1" 200 9051[0m
2023-10-02 01:28:54,109 [WARNING] django.server: [33m"GET /static/style.css HTTP/1.1" 404 1786[0m
2023-10-02 01:32:16,480 [INFO] django.server: [32m"GET /common/logout/ HTTP/1.1" 302 0[0m
2023-10-02 01:32:16,509 [INFO] django.server: [m"GET / HTTP/1.1" 200 9140[0m
2023-10-02 01:32:16,577 [WARNING] django.server: [33m"GET /static/style.css HTTP/1.1" 404 1786[0m
2023-10-02 01:32:17,296 [INFO] django.server: [m"GET /common/signup/ HTTP/1.1" 200 3029[0m
2023-10-02 01:32:17,314 [WARNING] django.server: [33m"GET /static/style.css HTTP/1.1" 404 1786[0m
2023-10-02 01:32:29,242 [DEBUG] server_log: {"log_level": "info", "category": "sign_up", "@timestamp": "2023-10-02 00:23", "method": "POST", "username": "36227378", "email": "d12g3@sada3.com", "status": "Success"}
2023-10-02 01:32:29,252 [INFO] django.server: [32m"POST /common/signup/ HTTP/1.1" 302 0[0m
2023-10-02 01:32:29,282 [INFO] django.server: [m"GET / HTTP/1.1" 200 9054[0m
2023-10-02 01:32:29,342 [WARNING] django.server: [33m"GET /static/style.css HTTP/1.1" 404 1786[0m
2023-10-02 01:45:07,897 [INFO] django.server: [32m"GET /common/logout/ HTTP/1.1" 302 0[0m
2023-10-02 01:45:07,979 [INFO] django.server: [m"GET / HTTP/1.1" 200 9140[0m
2023-10-02 01:45:08,066 [WARNING] django.server: [33m"GET /static/style.css HTTP/1.1" 404 1786[0m
2023-10-02 01:45:08,706 [INFO] django.server: [m"GET /common/signup/ HTTP/1.1" 200 3029[0m
2023-10-02 01:45:08,725 [WARNING] django.server: [33m"GET /static/style.css HTTP/1.1" 404 1786[0m
2023-10-02 01:45:16,470 [DEBUG] server_log: {"log_level": "info", "category": "sign_up", "@timestamp": "2023-10-02 00:23", "method": "POST", "username": "3tsgdg", "email": "f2as3f@sasf.com", "status": "Success"}
2023-10-02 01:45:16,558 [INFO] django.server: [32m"POST /common/signup/ HTTP/1.1" 302 0[0m
2023-10-02 01:45:16,602 [INFO] django.server: [m"GET / HTTP/1.1" 200 9052[0m
2023-10-02 01:45:16,665 [WARNING] django.server: [33m"GET /static/style.css HTTP/1.1" 404 1786[0m
2023-10-02 01:46:49,038 [INFO] django.server: [32m"GET /common/logout/ HTTP/1.1" 302 0[0m
2023-10-02 01:46:49,066 [INFO] django.server: [m"GET / HTTP/1.1" 200 9140[0m
2023-10-02 01:46:49,139 [WARNING] django.server: [33m"GET /static/style.css HTTP/1.1" 404 1786[0m
2023-10-02 01:47:07,207 [INFO] django.server: [m"GET /common/signup/ HTTP/1.1" 200 3029[0m
2023-10-02 01:47:07,224 [WARNING] django.server: [33m"GET /static/style.css HTTP/1.1" 404 1786[0m
2023-10-02 01:47:17,392 [DEBUG] server_log: {"log_level": "info", "category": "sign_up", "@timestamp": "2023-10-02 00:23", "method": "POST", "username": "cvxcgasgs", "email": "1s2a3faf@ascxz.com", "status": "Success"}
2023-10-02 01:47:17,402 [INFO] django.server: [32m"POST /common/signup/ HTTP/1.1" 302 0[0m
2023-10-02 01:47:17,431 [INFO] django.server: [m"GET / HTTP/1.1" 200 9055[0m
2023-10-02 01:47:17,497 [WARNING] django.server: [33m"GET /static/style.css HTTP/1.1" 404 1786[0m
2023-10-02 01:51:39,926 [INFO] django.server: [32m"GET /common/logout/ HTTP/1.1" 302 0[0m
2023-10-02 01:51:39,958 [INFO] django.server: [m"GET / HTTP/1.1" 200 9140[0m
2023-10-02 01:51:40,022 [WARNING] django.server: [33m"GET /static/style.css HTTP/1.1" 404 1786[0m
2023-10-02 01:51:40,612 [INFO] django.server: [m"GET /common/signup/ HTTP/1.1" 200 3029[0m
2023-10-02 01:51:40,628 [WARNING] django.server: [33m"GET /static/style.css HTTP/1.1" 404 1786[0m
2023-10-02 01:51:49,742 [DEBUG] server_log: {"log_level": "info", "category": "sign_up", "@timestamp": "2023-10-02 00:23", "method": "POST", "username": "gdscxbx", "email": "safas32f1@sasanmcxz.com", "status": "Success"}
2023-10-02 01:51:49,751 [INFO] django.server: [32m"POST /common/signup/ HTTP/1.1" 302 0[0m
2023-10-02 01:51:49,785 [INFO] django.server: [m"GET / HTTP/1.1" 200 9053[0m
2023-10-02 01:51:49,851 [WARNING] django.server: [33m"GET /static/style.css HTTP/1.1" 404 1786[0m
2023-10-02 01:53:26,193 [INFO] django.server: [32m"GET /common/logout/ HTTP/1.1" 302 0[0m
2023-10-02 01:53:26,219 [INFO] django.server: [m"GET / HTTP/1.1" 200 9140[0m
2023-10-02 01:53:26,282 [WARNING] django.server: [33m"GET /static/style.css HTTP/1.1" 404 1786[0m
2023-10-02 01:53:26,865 [INFO] django.server: [m"GET /common/signup/ HTTP/1.1" 200 3029[0m
2023-10-02 01:53:26,880 [WARNING] django.server: [33m"GET /static/style.css HTTP/1.1" 404 1786[0m
2023-10-02 01:53:38,203 [INFO] django.server: [m"POST /common/signup/ HTTP/1.1" 200 3494[0m
2023-10-02 01:53:38,222 [WARNING] django.server: [33m"GET /static/style.css HTTP/1.1" 404 1786[0m
2023-10-02 01:53:42,197 [DEBUG] server_log: {"log_level": "info", "category": "sign_up", "@timestamp": "2023-10-02 00:23", "method": "POST", "username": "cvzvz", "email": "1s2fa3f2@acxzcxczc.com", "status": "Success"}
2023-10-02 01:53:42,205 [INFO] django.server: [32m"POST /common/signup/ HTTP/1.1" 302 0[0m
2023-10-02 01:53:42,239 [INFO] django.server: [m"GET / HTTP/1.1" 200 9051[0m
2023-10-02 01:53:42,299 [WARNING] django.server: [33m"GET /static/style.css HTTP/1.1" 404 1786[0m
2023-10-02 01:59:13,759 [DEBUG] server_log: {"log_level": "INFO", "category": "Q_create", "method": "POST", "time": "2023-10-02 00:23", "user_id": 36, "status": "Success"}
2023-10-02 01:59:13,857 [INFO] django.server: [m"GET /pybo/question/create/ HTTP/1.1" 200 2575[0m
2023-10-02 01:59:13,889 [WARNING] django.server: [33m"GET /static/style.css HTTP/1.1" 404 1786[0m
2023-10-02 01:59:14,549 [INFO] django.server: [32m"GET /common/logout/ HTTP/1.1" 302 0[0m
2023-10-02 01:59:14,584 [INFO] django.server: [m"GET / HTTP/1.1" 200 9140[0m
2023-10-02 01:59:14,648 [WARNING] django.server: [33m"GET /static/style.css HTTP/1.1" 404 1786[0m
2023-10-02 01:59:15,134 [INFO] django.server: [m"GET /common/signup/ HTTP/1.1" 200 3029[0m
2023-10-02 01:59:15,150 [WARNING] django.server: [33m"GET /static/style.css HTTP/1.1" 404 1786[0m
2023-10-02 01:59:24,439 [DEBUG] server_log: {"log_level": "info", "category": "sign_up", "@timestamp": "2023-10-02 00:23", "method": "POST", "username": "vxzvxv", "email": "fasfasf@safacxczc.com", "status": "Success"}
2023-10-02 01:59:24,447 [INFO] django.server: [32m"POST /common/signup/ HTTP/1.1" 302 0[0m
2023-10-02 01:59:24,475 [INFO] django.server: [m"GET / HTTP/1.1" 200 9052[0m
2023-10-02 01:59:24,536 [WARNING] django.server: [33m"GET /static/style.css HTTP/1.1" 404 1786[0m
2023-10-02 02:01:14,794 [INFO] django.server: [32m"GET /common/logout/ HTTP/1.1" 302 0[0m
2023-10-02 02:01:14,838 [INFO] django.server: [m"GET / HTTP/1.1" 200 9140[0m
2023-10-02 02:01:14,904 [WARNING] django.server: [33m"GET /static/style.css HTTP/1.1" 404 1786[0m
2023-10-02 02:01:15,676 [INFO] django.server: [m"GET /common/signup/ HTTP/1.1" 200 3029[0m
2023-10-02 02:01:15,697 [WARNING] django.server: [33m"GET /static/style.css HTTP/1.1" 404 1786[0m
2023-10-02 02:01:29,112 [DEBUG] server_log: {"log_level": "info", "category": "sign_up", "@timestamp": "2023-10-02 00:23", "method": "POST", "username": "nbvnvbh", "email": "fAF@smcx.com", "status": "Success"}
2023-10-02 02:01:29,121 [INFO] django.server: [32m"POST /common/signup/ HTTP/1.1" 302 0[0m
2023-10-02 02:01:29,158 [INFO] django.server: [m"GET / HTTP/1.1" 200 9053[0m
2023-10-02 02:01:29,221 [WARNING] django.server: [33m"GET /static/style.css HTTP/1.1" 404 1786[0m
2023-10-02 02:02:18,259 [INFO] django.server: [32m"GET /common/logout/ HTTP/1.1" 302 0[0m
2023-10-02 02:02:18,293 [INFO] django.server: [m"GET / HTTP/1.1" 200 9140[0m
2023-10-02 02:02:18,352 [WARNING] django.server: [33m"GET /static/style.css HTTP/1.1" 404 1786[0m
2023-10-02 02:02:19,007 [INFO] django.server: [m"GET /common/signup/ HTTP/1.1" 200 3029[0m
2023-10-02 02:02:19,022 [WARNING] django.server: [33m"GET /static/style.css HTTP/1.1" 404 1786[0m
2023-10-02 02:02:28,872 [DEBUG] server_log: {"log_level": "info", "category": "sign_up", "@timestamp": "2023-10-02 00:23", "method": "POST", "username": "tyrt", "email": "sd2f1ds2f@safzc.com", "status": "Success"}
2023-10-02 02:02:28,880 [INFO] django.server: [32m"POST /common/signup/ HTTP/1.1" 302 0[0m
2023-10-02 02:02:28,914 [INFO] django.server: [m"GET / HTTP/1.1" 200 9050[0m
2023-10-02 02:02:28,988 [WARNING] django.server: [33m"GET /static/style.css HTTP/1.1" 404 1786[0m
2023-10-02 02:10:41,174 [INFO] django.server: [32m"GET /common/logout/ HTTP/1.1" 302 0[0m
2023-10-02 02:10:41,205 [INFO] django.server: [m"GET / HTTP/1.1" 200 9140[0m
2023-10-02 02:10:41,275 [WARNING] django.server: [33m"GET /static/style.css HTTP/1.1" 404 1786[0m
2023-10-02 02:10:41,867 [INFO] django.server: [m"GET /common/signup/ HTTP/1.1" 200 3029[0m
2023-10-02 02:10:41,886 [WARNING] django.server: [33m"GET /static/style.css HTTP/1.1" 404 1786[0m
2023-10-02 02:10:54,923 [DEBUG] server_log: {"log_level": "info", "category": "sign_up", "@timestamp": "2023-10-02 00:23", "method": "POST", "username": "gfjgf", "email": "dvcx@fxq.com", "status": "Success"}
2023-10-02 02:10:54,933 [INFO] django.server: [32m"POST /common/signup/ HTTP/1.1" 302 0[0m
2023-10-02 02:10:54,972 [INFO] django.server: [m"GET / HTTP/1.1" 200 9051[0m
2023-10-02 02:10:55,031 [WARNING] django.server: [33m"GET /static/style.css HTTP/1.1" 404 1786[0m
2023-10-02 02:11:48,048 [INFO] django.server: [32m"GET /common/logout/ HTTP/1.1" 302 0[0m
2023-10-02 02:11:48,079 [INFO] django.server: [m"GET / HTTP/1.1" 200 9140[0m
2023-10-02 02:11:48,141 [WARNING] django.server: [33m"GET /static/style.css HTTP/1.1" 404 1786[0m
2023-10-02 02:11:48,975 [INFO] django.server: [m"GET /common/signup/ HTTP/1.1" 200 3029[0m
2023-10-02 02:11:48,990 [WARNING] django.server: [33m"GET /static/style.css HTTP/1.1" 404 1786[0m
2023-10-02 02:11:59,186 [DEBUG] server_log: {"log_level": "info", "category": "sign_up", "@timestamp": "2023-10-02 00:23", "method": "POST", "username": "vccsd", "email": "sa2f3@acc.com", "status": "Success"}
2023-10-02 02:11:59,193 [INFO] django.server: [32m"POST /common/signup/ HTTP/1.1" 302 0[0m
2023-10-02 02:11:59,234 [INFO] django.server: [m"GET / HTTP/1.1" 200 9051[0m
2023-10-02 02:11:59,293 [WARNING] django.server: [33m"GET /static/style.css HTTP/1.1" 404 1786[0m
2023-10-02 13:51:57,889 [INFO] django.utils.autoreload: Watching for file changes with StatReloader
2023-10-02 13:52:00,160 [INFO] django.server: [m"GET / HTTP/1.1" 200 9051[0m
2023-10-02 13:52:00,184 [INFO] django.server: [36m"GET /static/bootstrap.min.css HTTP/1.1" 304 0[0m
2023-10-02 13:52:00,197 [WARNING] django.server: [33m"GET /static/style.css HTTP/1.1" 404 1786[0m
2023-10-02 13:52:01,732 [INFO] django.server: [32m"GET /common/logout/ HTTP/1.1" 302 0[0m
2023-10-02 13:52:01,784 [INFO] django.server: [m"GET / HTTP/1.1" 200 9140[0m
2023-10-02 13:52:01,846 [WARNING] django.server: [33m"GET /static/style.css HTTP/1.1" 404 1786[0m
2023-10-02 13:52:02,559 [INFO] django.server: [m"GET /common/signup/ HTTP/1.1" 200 3029[0m
2023-10-02 13:52:02,580 [WARNING] django.server: [33m"GET /static/style.css HTTP/1.1" 404 1786[0m
2023-10-02 13:52:13,158 [DEBUG] server_log: {"log_level": "info", "category": "sign_up", "time": "2023-10-02 13:51", "method": "POST", "username": "eq", "email": "f123faf@safa2.com", "status": "Success"}
2023-10-02 13:52:13,222 [INFO] django.server: [32m"POST /common/signup/ HTTP/1.1" 302 0[0m
2023-10-02 13:52:13,276 [INFO] django.server: [m"GET / HTTP/1.1" 200 9048[0m
2023-10-02 13:52:13,347 [WARNING] django.server: [33m"GET /static/style.css HTTP/1.1" 404 1786[0m
2023-10-02 13:52:14,666 [DEBUG] server_log: {"log_level": "INFO", "category": "Q_create", "method": "POST", "time": "2023-10-02 13:51", "user_id": 42, "status": "Success"}
2023-10-02 13:52:14,898 [INFO] django.server: [m"GET /pybo/question/create/ HTTP/1.1" 200 2572[0m
2023-10-02 13:52:14,919 [WARNING] django.server: [33m"GET /static/style.css HTTP/1.1" 404 1786[0m
2023-10-02 13:52:18,283 [INFO] django.server: [32m"POST /pybo/question/create/ HTTP/1.1" 302 0[0m
2023-10-02 13:52:18,326 [INFO] django.server: [m"GET /pybo/ HTTP/1.1" 200 9048[0m
2023-10-02 13:52:18,391 [WARNING] django.server: [33m"GET /static/style.css HTTP/1.1" 404 1786[0m
2023-10-02 13:52:20,006 [INFO] django.server: [m"GET /pybo/27/ HTTP/1.1" 200 5802[0m
2023-10-02 13:52:20,023 [WARNING] django.server: [33m"GET /static/style.css HTTP/1.1" 404 1786[0m
2023-10-02 13:52:21,596 [DEBUG] server_log: {"log_level": "INFO", "category": "A_vote", "method": "POST", "time": "2023-10-02 13:51", "answer_id": 21, "voter_id": 42, "status": "Success"}
2023-10-02 13:52:21,840 [INFO] django.server: [32m"GET /pybo/answer/vote/21/ HTTP/1.1" 302 0[0m
2023-10-02 13:52:21,884 [INFO] django.server: [m"GET /pybo/27/ HTTP/1.1" 200 5802[0m
2023-10-02 13:52:21,945 [WARNING] django.server: [33m"GET /static/style.css HTTP/1.1" 404 1786[0m
2023-10-02 13:52:23,893 [DEBUG] server_log: {"log_level": "INFO", "category": "A_create", "method": "POST", "time": "2023-10-02 13:51", "user_id": 42, "answer_id": 26, "status": "Success"}
2023-10-02 13:52:24,023 [INFO] django.server: [32m"POST /pybo/answer/create/27/ HTTP/1.1" 302 0[0m
2023-10-02 13:52:24,066 [INFO] django.server: [m"GET /pybo/27/ HTTP/1.1" 200 6854[0m
2023-10-02 13:52:24,131 [WARNING] django.server: [33m"GET /static/style.css HTTP/1.1" 404 1786[0m
2023-10-02 13:52:25,800 [INFO] django.server: [m"GET /pybo/answer/modify/26/ HTTP/1.1" 200 2321[0m
2023-10-02 13:52:25,819 [WARNING] django.server: [33m"GET /static/style.css HTTP/1.1" 404 1786[0m
2023-10-02 13:52:28,255 [DEBUG] server_log: {"log_level": "INFO", "category": "A_modify", "method": "POST", "time": "2023-10-02 13:51", "user_id": 42, "answer_id": 26, "status": "Success"}
2023-10-02 13:52:28,404 [INFO] django.server: [32m"POST /pybo/answer/modify/26/ HTTP/1.1" 302 0[0m
2023-10-02 13:52:28,444 [INFO] django.server: [m"GET /pybo/27/ HTTP/1.1" 200 7089[0m
2023-10-02 13:52:28,515 [WARNING] django.server: [33m"GET /static/style.css HTTP/1.1" 404 1786[0m
2023-10-02 13:52:33,731 [DEBUG] server_log: {"log_level": "INFO", "category": "Q_vote", "method": "POST", "time": "2023-10-02 13:51", "voter": 42, "question_id": 27, "status": "Success"}
2023-10-02 13:52:33,861 [INFO] django.server: [32m"GET /pybo/question/vote/27/ HTTP/1.1" 302 0[0m
2023-10-02 13:52:33,906 [INFO] django.server: [m"GET /pybo/27/ HTTP/1.1" 200 7089[0m
2023-10-02 13:52:33,970 [WARNING] django.server: [33m"GET /static/style.css HTTP/1.1" 404 1786[0m
2023-10-02 13:52:34,902 [INFO] django.server: [m"GET /pybo/ HTTP/1.1" 200 9048[0m
2023-10-02 13:52:34,922 [WARNING] django.server: [33m"GET /static/style.css HTTP/1.1" 404 1786[0m
2023-10-02 13:52:35,795 [INFO] django.server: [m"GET /pybo/30/ HTTP/1.1" 200 4007[0m
2023-10-02 13:52:35,816 [WARNING] django.server: [33m"GET /static/style.css HTTP/1.1" 404 1786[0m
2023-10-02 13:52:37,761 [INFO] django.server: [m"POST /pybo/answer/create/30/ HTTP/1.1" 200 4296[0m
2023-10-02 13:52:37,868 [WARNING] django.server: [33m"GET /static/style.css HTTP/1.1" 404 1786[0m
2023-10-02 13:52:39,618 [INFO] django.server: [m"GET /pybo/ HTTP/1.1" 200 9048[0m
2023-10-02 13:52:39,637 [WARNING] django.server: [33m"GET /static/style.css HTTP/1.1" 404 1786[0m
2023-10-02 13:52:40,989 [INFO] django.server: [m"GET /pybo/26/ HTTP/1.1" 200 4010[0m
2023-10-02 13:52:41,012 [WARNING] django.server: [33m"GET /static/style.css HTTP/1.1" 404 1786[0m
2023-10-02 13:52:42,994 [DEBUG] server_log: {"log_level": "INFO", "category": "A_create", "method": "POST", "time": "2023-10-02 13:51", "user_id": 42, "answer_id": 27, "status": "Success"}
2023-10-02 13:52:43,000 [INFO] django.server: [32m"POST /pybo/answer/create/26/ HTTP/1.1" 302 0[0m
2023-10-02 13:52:43,026 [INFO] django.server: [m"GET /pybo/26/ HTTP/1.1" 200 5062[0m
2023-10-02 13:52:43,091 [WARNING] django.server: [33m"GET /static/style.css HTTP/1.1" 404 1786[0m
2023-10-02 13:52:47,108 [DEBUG] server_log: {"log_level": "INFO", "category": "A_delete", "method": "POST", "time": "2023-10-02 13:51", "user_id": 42, "answer_id": null, "status": "Success"}
2023-10-02 13:52:47,275 [INFO] django.server: [32m"GET /pybo/answer/delete/27/ HTTP/1.1" 302 0[0m
2023-10-02 13:52:47,294 [INFO] django.server: [m"GET /pybo/26/ HTTP/1.1" 200 4010[0m
2023-10-02 13:52:47,372 [WARNING] django.server: [33m"GET /static/style.css HTTP/1.1" 404 1786[0m
2023-10-02 13:52:50,717 [INFO] django.server: [m"GET /pybo/ HTTP/1.1" 200 9048[0m
2023-10-02 13:52:50,739 [WARNING] django.server: [33m"GET /static/style.css HTTP/1.1" 404 1786[0m
2023-10-02 13:52:51,537 [INFO] django.server: [m"GET /pybo/30/ HTTP/1.1" 200 4007[0m
2023-10-02 13:52:51,557 [WARNING] django.server: [33m"GET /static/style.css HTTP/1.1" 404 1786[0m
2023-10-02 13:52:53,112 [INFO] django.server: [m"GET /pybo/ HTTP/1.1" 200 9048[0m
2023-10-02 13:52:53,133 [WARNING] django.server: [33m"GET /static/style.css HTTP/1.1" 404 1786[0m
2023-10-02 13:52:55,313 [INFO] django.server: [m"GET /?kw=&page=3 HTTP/1.1" 200 9137[0m
2023-10-02 13:52:55,331 [WARNING] django.server: [33m"GET /static/style.css HTTP/1.1" 404 1786[0m
2023-10-02 13:52:58,713 [INFO] django.server: [m"GET /pybo/7/ HTTP/1.1" 200 4016[0m
2023-10-02 13:52:58,738 [WARNING] django.server: [33m"GET /static/style.css HTTP/1.1" 404 1786[0m
2023-10-02 13:53:01,270 [DEBUG] server_log: {"log_level": "INFO", "category": "A_create", "method": "POST", "time": "2023-10-02 13:51", "user_id": 42, "answer_id": 28, "status": "Success"}
2023-10-02 13:53:01,275 [INFO] django.server: [32m"POST /pybo/answer/create/7/ HTTP/1.1" 302 0[0m
2023-10-02 13:53:01,303 [INFO] django.server: [m"GET /pybo/7/ HTTP/1.1" 200 5070[0m
2023-10-02 13:53:01,370 [WARNING] django.server: [33m"GET /static/style.css HTTP/1.1" 404 1786[0m
2023-10-02 13:53:03,082 [DEBUG] server_log: {"log_level": "INFO", "category": "Q_vote", "method": "POST", "time": "2023-10-02 13:51", "voter": 42, "question_id": 7, "status": "Success"}
2023-10-02 13:53:03,088 [INFO] django.server: [32m"GET /pybo/question/vote/7/ HTTP/1.1" 302 0[0m
2023-10-02 13:53:03,122 [INFO] django.server: [m"GET /pybo/7/ HTTP/1.1" 200 5070[0m
2023-10-02 13:53:03,196 [WARNING] django.server: [33m"GET /static/style.css HTTP/1.1" 404 1786[0m
2023-10-02 13:53:04,470 [INFO] django.server: [m"GET /pybo/ HTTP/1.1" 200 9048[0m
2023-10-02 13:53:04,493 [WARNING] django.server: [33m"GET /static/style.css HTTP/1.1" 404 1786[0m
2023-10-02 13:53:55,240 [INFO] django.server: [m"GET /pybo/30/ HTTP/1.1" 200 4007[0m
2023-10-02 13:53:55,262 [WARNING] django.server: [33m"GET /static/style.css HTTP/1.1" 404 1786[0m
2023-10-02 13:54:00,605 [INFO] django.server: [32m"GET /common/logout/ HTTP/1.1" 302 0[0m
2023-10-02 13:54:00,658 [INFO] django.server: [m"GET / HTTP/1.1" 200 9140[0m
2023-10-02 13:54:00,725 [WARNING] django.server: [33m"GET /static/style.css HTTP/1.1" 404 1786[0m
2023-10-02 13:54:01,587 [INFO] django.server: [m"GET /common/login/ HTTP/1.1" 200 2697[0m
2023-10-02 13:54:01,608 [WARNING] django.server: [33m"GET /static/style.css HTTP/1.1" 404 1786[0m
2023-10-02 13:54:05,615 [INFO] django.server: [32m"POST /common/login/ HTTP/1.1" 302 0[0m
2023-10-02 13:54:05,655 [INFO] django.server: [m"GET / HTTP/1.1" 200 9050[0m
2023-10-02 13:54:05,722 [WARNING] django.server: [33m"GET /static/style.css HTTP/1.1" 404 1786[0m
2023-10-02 13:54:06,489 [DEBUG] server_log: {"log_level": "INFO", "category": "Q_create", "method": "POST", "time": "2023-10-02 13:51", "user_id": 1, "status": "Success"}
2023-10-02 13:54:06,494 [INFO] django.server: [m"GET /pybo/question/create/ HTTP/1.1" 200 2574[0m
2023-10-02 13:54:06,515 [WARNING] django.server: [33m"GET /static/style.css HTTP/1.1" 404 1786[0m
2023-10-02 13:54:09,751 [INFO] django.server: [32m"POST /pybo/question/create/ HTTP/1.1" 302 0[0m
2023-10-02 13:54:09,792 [INFO] django.server: [m"GET /pybo/ HTTP/1.1" 200 9150[0m
2023-10-02 13:54:09,865 [WARNING] django.server: [33m"GET /static/style.css HTTP/1.1" 404 1786[0m
2023-10-02 13:54:11,815 [INFO] django.server: [m"GET /pybo/31/ HTTP/1.1" 200 4013[0m
2023-10-02 13:54:11,840 [WARNING] django.server: [33m"GET /static/style.css HTTP/1.1" 404 1786[0m
2023-10-02 13:54:20,249 [DEBUG] server_log: {"log_level": "INFO", "category": "A_create", "method": "POST", "time": "2023-10-02 13:51", "user_id": 1, "answer_id": 29, "status": "Success"}
2023-10-02 13:54:20,256 [INFO] django.server: [32m"POST /pybo/answer/create/31/ HTTP/1.1" 302 0[0m
2023-10-02 13:54:20,282 [INFO] django.server: [m"GET /pybo/31/ HTTP/1.1" 200 5068[0m
2023-10-02 13:54:20,347 [WARNING] django.server: [33m"GET /static/style.css HTTP/1.1" 404 1786[0m
2023-10-02 13:54:23,403 [DEBUG] server_log: {"log_level": "INFO", "category": "A_delete", "method": "POST", "time": "2023-10-02 13:51", "user_id": 1, "answer_id": null, "status": "Success"}
2023-10-02 13:54:23,410 [INFO] django.server: [32m"GET /pybo/answer/delete/29/ HTTP/1.1" 302 0[0m
2023-10-02 13:54:23,431 [INFO] django.server: [m"GET /pybo/31/ HTTP/1.1" 200 4013[0m
2023-10-02 13:54:23,499 [WARNING] django.server: [33m"GET /static/style.css HTTP/1.1" 404 1786[0m
2023-10-02 13:54:24,985 [INFO] django.server: [m"GET /pybo/ HTTP/1.1" 200 9150[0m
2023-10-02 13:54:25,003 [WARNING] django.server: [33m"GET /static/style.css HTTP/1.1" 404 1786[0m
2023-10-02 13:54:59,127 [INFO] django.server: [m"GET /pybo/27/ HTTP/1.1" 200 6810[0m
2023-10-02 13:54:59,148 [WARNING] django.server: [33m"GET /static/style.css HTTP/1.1" 404 1786[0m
2023-10-02 13:55:01,009 [DEBUG] server_log: {"log_level": "INFO", "category": "Q_vote", "method": "POST", "time": "2023-10-02 13:51", "voter": 1, "question_id": 27, "status": "Success"}
2023-10-02 13:55:01,014 [INFO] django.server: [32m"GET /pybo/question/vote/27/ HTTP/1.1" 302 0[0m
2023-10-02 13:55:01,043 [INFO] django.server: [m"GET /pybo/27/ HTTP/1.1" 200 6810[0m
2023-10-02 13:55:01,107 [WARNING] django.server: [33m"GET /static/style.css HTTP/1.1" 404 1786[0m
2023-10-02 13:55:07,571 [INFO] django.server: [m"GET /pybo/ HTTP/1.1" 200 9150[0m
2023-10-02 13:55:07,591 [WARNING] django.server: [33m"GET /static/style.css HTTP/1.1" 404 1786[0m
2023-10-02 13:55:08,601 [INFO] django.server: [m"GET /pybo/31/ HTTP/1.1" 200 4013[0m
2023-10-02 13:55:08,620 [WARNING] django.server: [33m"GET /static/style.css HTTP/1.1" 404 1786[0m
2023-10-02 14:03:40,923 [INFO] django.utils.autoreload: Watching for file changes with StatReloader
2023-10-02 14:03:44,699 [INFO] django.server: [m"GET / HTTP/1.1" 200 9150[0m
2023-10-02 14:03:44,741 [WARNING] django.server: [33m"GET /static/style.css HTTP/1.1" 404 1786[0m
2023-10-02 14:03:47,218 [INFO] django.server: [m"GET /pybo/28/ HTTP/1.1" 200 4023[0m
2023-10-02 14:03:47,244 [WARNING] django.server: [33m"GET /static/style.css HTTP/1.1" 404 1786[0m
2023-10-02 14:15:41,994 [INFO] django.utils.autoreload: Watching for file changes with StatReloader
2023-10-02 14:15:44,226 [INFO] django.server: [m"GET / HTTP/1.1" 200 9150[0m
2023-10-02 14:15:44,253 [WARNING] django.server: [33m"GET /static/style.css HTTP/1.1" 404 1786[0m
2023-10-02 14:15:45,894 [INFO] django.server: [m"GET /pybo/31/ HTTP/1.1" 200 4043[0m
2023-10-02 14:15:45,917 [WARNING] django.server: [33m"GET /static/style.css HTTP/1.1" 404 1786[0m
2023-10-02 14:15:48,004 [DEBUG] server_log: {"log_level": "INFO", "category": "Q_vote", "method": "POST", "time": "2023-10-02 14:15", "voter": 1, "question_id": 31, "status": "Success"}
2023-10-02 14:15:48,015 [INFO] django.server: [32m"GET /pybo/question/vote/31/ HTTP/1.1" 302 0[0m
2023-10-02 14:15:48,040 [INFO] django.server: [m"GET /pybo/31/ HTTP/1.1" 200 4043[0m
2023-10-02 14:15:48,111 [WARNING] django.server: [33m"GET /static/style.css HTTP/1.1" 404 1786[0m
2023-10-02 14:15:50,871 [INFO] django.server: [32m"GET /common/logout/ HTTP/1.1" 302 0[0m
2023-10-02 14:15:50,902 [INFO] django.server: [m"GET / HTTP/1.1" 200 9240[0m
2023-10-02 14:15:50,967 [WARNING] django.server: [33m"GET /static/style.css HTTP/1.1" 404 1786[0m
2023-10-02 14:15:51,930 [INFO] django.server: [32m"GET /pybo/question/create/ HTTP/1.1" 302 0[0m
2023-10-02 14:15:51,953 [INFO] django.server: [m"GET /common/login/?next=/pybo/question/create/ HTTP/1.1" 200 2719[0m
2023-10-02 14:15:52,019 [WARNING] django.server: [33m"GET /static/style.css HTTP/1.1" 404 1786[0m
2023-10-02 14:15:55,809 [INFO] django.server: [m"POST /common/login/ HTTP/1.1" 200 3064[0m
2023-10-02 14:15:55,830 [WARNING] django.server: [33m"GET /static/style.css HTTP/1.1" 404 1786[0m
2023-10-02 14:16:02,331 [INFO] django.server: [32m"POST /common/login/ HTTP/1.1" 302 0[0m
2023-10-02 14:16:02,347 [DEBUG] server_log: {"log_level": "INFO", "category": "Q_create", "method": "POST", "time": "2023-10-02 14:15", "user_id": 1, "status": "Success"}
2023-10-02 14:16:02,362 [INFO] django.server: [m"GET /pybo/question/create/ HTTP/1.1" 200 2574[0m
2023-10-02 14:16:02,429 [WARNING] django.server: [33m"GET /static/style.css HTTP/1.1" 404 1786[0m
2023-10-02 14:16:06,585 [INFO] django.server: [32m"POST /pybo/question/create/ HTTP/1.1" 302 0[0m
2023-10-02 14:16:06,632 [INFO] django.server: [m"GET /pybo/ HTTP/1.1" 200 9145[0m
2023-10-02 14:16:06,699 [WARNING] django.server: [33m"GET /static/style.css HTTP/1.1" 404 1786[0m
2023-10-02 14:16:08,288 [INFO] django.server: [m"GET /pybo/32/ HTTP/1.1" 200 4043[0m
2023-10-02 14:16:08,306 [WARNING] django.server: [33m"GET /static/style.css HTTP/1.1" 404 1786[0m
2023-10-02 14:16:24,623 [INFO] django.utils.autoreload: Watching for file changes with StatReloader
2023-10-02 14:16:26,952 [INFO] django.server: [m"GET / HTTP/1.1" 200 9145[0m
2023-10-02 14:16:26,978 [WARNING] django.server: [33m"GET /static/style.css HTTP/1.1" 404 1786[0m
2023-10-02 14:16:28,996 [INFO] django.server: [32m"GET /common/logout/ HTTP/1.1" 302 0[0m
2023-10-02 14:16:29,041 [INFO] django.server: [m"GET / HTTP/1.1" 200 9235[0m
2023-10-02 14:16:29,100 [WARNING] django.server: [33m"GET /static/style.css HTTP/1.1" 404 1786[0m
2023-10-02 14:16:35,085 [INFO] django.server: [m"GET /pybo/ HTTP/1.1" 200 9235[0m
2023-10-02 14:16:35,107 [WARNING] django.server: [33m"GET /static/style.css HTTP/1.1" 404 1786[0m
2023-10-02 14:16:38,938 [INFO] django.server: [m"GET /?kw=&page=3 HTTP/1.1" 200 9316[0m
2023-10-02 14:16:38,961 [WARNING] django.server: [33m"GET /static/style.css HTTP/1.1" 404 1786[0m
2023-10-02 14:16:41,603 [INFO] django.server: [m"GET /pybo/ HTTP/1.1" 200 9235[0m
2023-10-02 14:16:41,621 [WARNING] django.server: [33m"GET /static/style.css HTTP/1.1" 404 1786[0m
2023-10-02 14:16:42,722 [INFO] django.server: [m"GET /pybo/ HTTP/1.1" 200 9235[0m
2023-10-02 14:16:42,741 [WARNING] django.server: [33m"GET /static/style.css HTTP/1.1" 404 1786[0m
